
============================================================
🚀 minute5 데이터 수집 (과거 데이터 포함)
============================================================

🎯 목표:
   - 수집 범위: 2024-01-01 ~ 현재
   - 예상: 약 90,000개 캔들

⏱️  예상 소요 시간:
   - 약 1~2시간
   - 200개씩 묶어서 수집
   - 약 450회 반복 (90,000 / 200)

💡 개선사항:
   - 중복 데이터 구간도 건너뛰지 않고 계속 진행
   - 목표 날짜까지 강제로 수집
   - 진행 상황 실시간 표시

⚠️  주의사항:
   - Ctrl+C로 언제든지 중단 가능
   - 진행된 데이터는 자동 저장됨
   - 재실행 시 이어서 수집됨

============================================================

계속 진행하시겠습니까? (y/N): ✓ 데이터베이스 초기화 완료: /Users/bongbong/SynologyDrive/vendor/sandbox/251015_봉봇/upbit_bitcoin.db

⏰ 시작 시간: 2025-10-17 13:47:47

============================================================
📊 minute5 데이터 수집 시작
   목표: 2024-01-01까지 수집
============================================================
  반복 1: 200개 수집, 5개 저장 (총 수집: 200개, 저장: 5개)
    최고: 2025-10-16T21:10:00
  반복 10: 200개 수집, 0개 저장 (총 수집: 2,000개, 저장: 5개)
    최고: 2025-10-10T15:10:00
  ⚠️  연속 10회 중복 - 계속 진행 중...
  반복 20: 200개 수집, 0개 저장 (총 수집: 4,000개, 저장: 5개)
    최고: 2025-10-03T16:30:00
  ⚠️  연속 10회 중복 - 계속 진행 중...
  반복 30: 200개 수집, 0개 저장 (총 수집: 6,000개, 저장: 5개)
    최고: 2025-09-26T17:50:00
  ⚠️  연속 10회 중복 - 계속 진행 중...
  반복 40: 200개 수집, 0개 저장 (총 수집: 8,000개, 저장: 5개)
    최고: 2025-09-19T19:10:00
  ⚠️  연속 10회 중복 - 계속 진행 중...
  반복 50: 200개 수집, 0개 저장 (총 수집: 10,000개, 저장: 5개)
    최고: 2025-09-12T20:30:00
  ⚠️  연속 10회 중복 - 계속 진행 중...
  반복 60: 200개 수집, 0개 저장 (총 수집: 12,000개, 저장: 5개)
    최고: 2025-09-05T21:50:00
  ⚠️  연속 10회 중복 - 계속 진행 중...
  반복 70: 200개 수집, 0개 저장 (총 수집: 14,000개, 저장: 5개)
    최고: 2025-08-29T23:10:00
  ⚠️  연속 10회 중복 - 계속 진행 중...
  반복 80: 200개 수집, 0개 저장 (총 수집: 16,000개, 저장: 5개)
    최고: 2025-08-23T00:30:00
  ⚠️  연속 10회 중복 - 계속 진행 중...
  반복 90: 200개 수집, 0개 저장 (총 수집: 18,000개, 저장: 5개)
    최고: 2025-08-16T01:50:00
  ⚠️  연속 10회 중복 - 계속 진행 중...
  반복 100: 200개 수집, 0개 저장 (총 수집: 20,000개, 저장: 5개)
    최고: 2025-08-09T03:10:00
  ⚠️  연속 10회 중복 - 계속 진행 중...
  반복 110: 200개 수집, 0개 저장 (총 수집: 22,000개, 저장: 5개)
    최고: 2025-08-02T04:30:00
  ⚠️  연속 10회 중복 - 계속 진행 중...
  반복 120: 200개 수집, 0개 저장 (총 수집: 24,000개, 저장: 5개)
    최고: 2025-07-26T05:35:00
  ⚠️  연속 10회 중복 - 계속 진행 중...
  반복 130: 200개 수집, 0개 저장 (총 수집: 26,000개, 저장: 5개)
    최고: 2025-07-19T06:55:00
  ⚠️  연속 10회 중복 - 계속 진행 중...
  반복 140: 200개 수집, 0개 저장 (총 수집: 28,000개, 저장: 5개)
    최고: 2025-07-12T08:15:00
  ⚠️  연속 10회 중복 - 계속 진행 중...
  반복 150: 200개 수집, 0개 저장 (총 수집: 30,000개, 저장: 5개)
    최고: 2025-07-05T09:35:00
  ⚠️  연속 10회 중복 - 계속 진행 중...
  반복 160: 200개 수집, 0개 저장 (총 수집: 32,000개, 저장: 5개)
    최고: 2025-06-28T05:05:00
  ⚠️  연속 10회 중복 - 계속 진행 중...
  반복 170: 200개 수집, 0개 저장 (총 수집: 34,000개, 저장: 5개)
    최고: 2025-06-21T06:25:00
  ⚠️  연속 10회 중복 - 계속 진행 중...
  반복 180: 200개 수집, 0개 저장 (총 수집: 36,000개, 저장: 5개)
    최고: 2025-06-14T07:45:00
  ⚠️  연속 10회 중복 - 계속 진행 중...
  반복 190: 200개 수집, 0개 저장 (총 수집: 38,000개, 저장: 5개)
    최고: 2025-06-07T09:05:00
  ⚠️  연속 10회 중복 - 계속 진행 중...
  반복 200: 200개 수집, 0개 저장 (총 수집: 40,000개, 저장: 5개)
    최고: 2025-05-31T10:25:00
  ⚠️  연속 10회 중복 - 계속 진행 중...
  반복 210: 200개 수집, 0개 저장 (총 수집: 42,000개, 저장: 5개)
    최고: 2025-05-24T11:45:00
  ⚠️  연속 10회 중복 - 계속 진행 중...
  반복 220: 200개 수집, 0개 저장 (총 수집: 44,000개, 저장: 5개)
    최고: 2025-05-17T13:05:00
  ⚠️  연속 10회 중복 - 계속 진행 중...
  반복 230: 200개 수집, 0개 저장 (총 수집: 46,000개, 저장: 5개)
    최고: 2025-05-10T14:25:00
  ⚠️  연속 10회 중복 - 계속 진행 중...
  반복 240: 200개 수집, 0개 저장 (총 수집: 48,000개, 저장: 5개)
    최고: 2025-05-03T15:45:00
  ⚠️  연속 10회 중복 - 계속 진행 중...
  반복 250: 200개 수집, 0개 저장 (총 수집: 50,000개, 저장: 5개)
    최고: 2025-04-26T17:05:00
  ⚠️  연속 10회 중복 - 계속 진행 중...
  반복 260: 200개 수집, 0개 저장 (총 수집: 52,000개, 저장: 5개)
    최고: 2025-04-19T18:25:00
  ⚠️  연속 10회 중복 - 계속 진행 중...
  반복 270: 200개 수집, 0개 저장 (총 수집: 54,000개, 저장: 5개)
    최고: 2025-04-12T19:45:00
  ⚠️  연속 10회 중복 - 계속 진행 중...
  반복 280: 200개 수집, 0개 저장 (총 수집: 56,000개, 저장: 5개)
    최고: 2025-04-05T21:05:00
  ⚠️  연속 10회 중복 - 계속 진행 중...
  반복 290: 200개 수집, 0개 저장 (총 수집: 58,000개, 저장: 5개)
    최고: 2025-03-29T17:00:00
  ⚠️  연속 10회 중복 - 계속 진행 중...
  반복 300: 200개 수집, 0개 저장 (총 수집: 60,000개, 저장: 5개)
    최고: 2025-03-22T18:20:00
  ⚠️  연속 10회 중복 - 계속 진행 중...
  반복 310: 200개 수집, 0개 저장 (총 수집: 62,000개, 저장: 5개)
    최고: 2025-03-15T19:40:00
  ⚠️  연속 10회 중복 - 계속 진행 중...
  반복 320: 200개 수집, 0개 저장 (총 수집: 64,000개, 저장: 5개)
    최고: 2025-03-08T21:00:00
  ⚠️  연속 10회 중복 - 계속 진행 중...
  반복 330: 200개 수집, 0개 저장 (총 수집: 66,000개, 저장: 5개)
    최고: 2025-03-01T22:20:00
  ⚠️  연속 10회 중복 - 계속 진행 중...
  반복 340: 200개 수집, 0개 저장 (총 수집: 68,000개, 저장: 5개)
    최고: 2025-02-22T23:40:00
  ⚠️  연속 10회 중복 - 계속 진행 중...
  반복 350: 200개 수집, 0개 저장 (총 수집: 70,000개, 저장: 5개)
    최고: 2025-02-16T01:00:00
  ⚠️  연속 10회 중복 - 계속 진행 중...
  반복 360: 200개 수집, 0개 저장 (총 수집: 72,000개, 저장: 5개)
    최고: 2025-02-09T02:20:00
  ⚠️  연속 10회 중복 - 계속 진행 중...
  반복 370: 200개 수집, 0개 저장 (총 수집: 74,000개, 저장: 5개)
    최고: 2025-02-02T03:40:00
  ⚠️  연속 10회 중복 - 계속 진행 중...
  반복 380: 200개 수집, 0개 저장 (총 수집: 76,000개, 저장: 5개)
    최고: 2025-01-26T05:00:00
  ⚠️  연속 10회 중복 - 계속 진행 중...
  반복 390: 200개 수집, 0개 저장 (총 수집: 78,000개, 저장: 5개)
    최고: 2025-01-19T06:20:00
  ⚠️  연속 10회 중복 - 계속 진행 중...
  반복 400: 200개 수집, 0개 저장 (총 수집: 80,000개, 저장: 5개)
    최고: 2025-01-12T07:40:00
  ⚠️  연속 10회 중복 - 계속 진행 중...
  반복 410: 200개 수집, 0개 저장 (총 수집: 82,000개, 저장: 5개)
    최고: 2025-01-05T09:00:00
  ⚠️  연속 10회 중복 - 계속 진행 중...
  반복 420: 200개 수집, 0개 저장 (총 수집: 84,000개, 저장: 5개)
    최고: 2024-12-29T04:00:00
  ⚠️  연속 10회 중복 - 계속 진행 중...
  반복 430: 200개 수집, 0개 저장 (총 수집: 86,000개, 저장: 5개)
    최고: 2024-12-22T05:20:00
  ⚠️  연속 10회 중복 - 계속 진행 중...
  반복 440: 200개 수집, 0개 저장 (총 수집: 88,000개, 저장: 5개)
    최고: 2024-12-15T06:40:00
  ⚠️  연속 10회 중복 - 계속 진행 중...
  반복 450: 200개 수집, 0개 저장 (총 수집: 90,000개, 저장: 5개)
    최고: 2024-12-08T08:00:00
  ⚠️  연속 10회 중복 - 계속 진행 중...
  반복 460: 200개 수집, 0개 저장 (총 수집: 92,000개, 저장: 5개)
    최고: 2024-12-01T09:20:00
  ⚠️  연속 10회 중복 - 계속 진행 중...
  반복 470: 200개 수집, 0개 저장 (총 수집: 94,000개, 저장: 5개)
    최고: 2024-11-24T10:40:00
  ⚠️  연속 10회 중복 - 계속 진행 중...
  반복 480: 200개 수집, 0개 저장 (총 수집: 96,000개, 저장: 5개)
    최고: 2024-11-17T12:00:00
  ⚠️  연속 10회 중복 - 계속 진행 중...
  반복 490: 200개 수집, 0개 저장 (총 수집: 98,000개, 저장: 5개)
    최고: 2024-11-10T13:20:00
  ⚠️  연속 10회 중복 - 계속 진행 중...
  반복 500: 200개 수집, 0개 저장 (총 수집: 100,000개, 저장: 5개)
    최고: 2024-11-03T14:40:00
  ⚠️  연속 10회 중복 - 계속 진행 중...
  반복 510: 200개 수집, 0개 저장 (총 수집: 102,000개, 저장: 5개)
    최고: 2024-10-27T16:00:00
  ⚠️  연속 10회 중복 - 계속 진행 중...
  반복 520: 200개 수집, 0개 저장 (총 수집: 104,000개, 저장: 5개)
    최고: 2024-10-20T17:20:00
  ⚠️  연속 10회 중복 - 계속 진행 중...
  반복 530: 200개 수집, 0개 저장 (총 수집: 106,000개, 저장: 5개)
    최고: 2024-10-13T13:10:00
  ⚠️  연속 10회 중복 - 계속 진행 중...
  반복 540: 200개 수집, 0개 저장 (총 수집: 108,000개, 저장: 5개)
    최고: 2024-10-06T14:30:00
  ⚠️  연속 10회 중복 - 계속 진행 중...
  반복 550: 200개 수집, 0개 저장 (총 수집: 110,000개, 저장: 5개)
    최고: 2024-09-29T15:50:00
  ⚠️  연속 10회 중복 - 계속 진행 중...
  반복 560: 200개 수집, 0개 저장 (총 수집: 112,000개, 저장: 5개)
    최고: 2024-09-22T17:10:00
  ⚠️  연속 10회 중복 - 계속 진행 중...
  반복 570: 200개 수집, 0개 저장 (총 수집: 114,000개, 저장: 5개)
    최고: 2024-09-15T18:30:00
  ⚠️  연속 10회 중복 - 계속 진행 중...
  반복 580: 200개 수집, 0개 저장 (총 수집: 116,000개, 저장: 5개)
    최고: 2024-09-08T19:50:00
  ⚠️  연속 10회 중복 - 계속 진행 중...
  반복 590: 200개 수집, 0개 저장 (총 수집: 118,000개, 저장: 5개)
    최고: 2024-09-01T21:10:00
  ⚠️  연속 10회 중복 - 계속 진행 중...
  반복 599: 200개 수집, 91개 저장 (총 수집: 119,800개, 저장: 96개)
    최고: 2024-08-26T15:10:00
  반복 600: 200개 수집, 200개 저장 (총 수집: 120,000개, 저장: 296개)
    최고: 2024-08-25T22:30:00
  반복 601: 200개 수집, 200개 저장 (총 수집: 120,200개, 저장: 496개)
    최고: 2024-08-25T05:50:00
  반복 602: 200개 수집, 200개 저장 (총 수집: 120,400개, 저장: 696개)
    최고: 2024-08-24T13:10:00
  반복 603: 200개 수집, 200개 저장 (총 수집: 120,600개, 저장: 896개)
    최고: 2024-08-23T20:30:00
  반복 604: 200개 수집, 200개 저장 (총 수집: 120,800개, 저장: 1,096개)
    최고: 2024-08-23T03:50:00
  반복 605: 200개 수집, 200개 저장 (총 수집: 121,000개, 저장: 1,296개)
    최고: 2024-08-22T11:10:00
  반복 606: 200개 수집, 200개 저장 (총 수집: 121,200개, 저장: 1,496개)
    최고: 2024-08-21T18:30:00
  반복 607: 200개 수집, 200개 저장 (총 수집: 121,400개, 저장: 1,696개)
    최고: 2024-08-21T01:50:00
  반복 608: 200개 수집, 200개 저장 (총 수집: 121,600개, 저장: 1,896개)
    최고: 2024-08-20T09:10:00
  반복 609: 200개 수집, 200개 저장 (총 수집: 121,800개, 저장: 2,096개)
    최고: 2024-08-19T16:30:00
  반복 610: 200개 수집, 200개 저장 (총 수집: 122,000개, 저장: 2,296개)
    최고: 2024-08-18T23:50:00
  반복 611: 200개 수집, 200개 저장 (총 수집: 122,200개, 저장: 2,496개)
    최고: 2024-08-18T07:10:00
  반복 612: 200개 수집, 200개 저장 (총 수집: 122,400개, 저장: 2,696개)
    최고: 2024-08-17T14:30:00
  반복 613: 200개 수집, 200개 저장 (총 수집: 122,600개, 저장: 2,896개)
    최고: 2024-08-16T21:50:00
  반복 614: 200개 수집, 200개 저장 (총 수집: 122,800개, 저장: 3,096개)
    최고: 2024-08-16T05:10:00
  반복 615: 200개 수집, 200개 저장 (총 수집: 123,000개, 저장: 3,296개)
    최고: 2024-08-15T12:30:00
  반복 616: 200개 수집, 200개 저장 (총 수집: 123,200개, 저장: 3,496개)
    최고: 2024-08-14T19:50:00
  반복 617: 200개 수집, 200개 저장 (총 수집: 123,400개, 저장: 3,696개)
    최고: 2024-08-14T03:10:00
  반복 618: 200개 수집, 200개 저장 (총 수집: 123,600개, 저장: 3,896개)
    최고: 2024-08-13T10:30:00
  반복 619: 200개 수집, 200개 저장 (총 수집: 123,800개, 저장: 4,096개)
    최고: 2024-08-12T17:50:00
  반복 620: 200개 수집, 200개 저장 (총 수집: 124,000개, 저장: 4,296개)
    최고: 2024-08-12T01:10:00
  반복 621: 200개 수집, 200개 저장 (총 수집: 124,200개, 저장: 4,496개)
    최고: 2024-08-11T08:30:00
  반복 622: 200개 수집, 200개 저장 (총 수집: 124,400개, 저장: 4,696개)
    최고: 2024-08-10T15:50:00
  반복 623: 200개 수집, 200개 저장 (총 수집: 124,600개, 저장: 4,896개)
    최고: 2024-08-09T23:10:00
  반복 624: 200개 수집, 200개 저장 (총 수집: 124,800개, 저장: 5,096개)
    최고: 2024-08-09T06:30:00
  반복 625: 200개 수집, 200개 저장 (총 수집: 125,000개, 저장: 5,296개)
    최고: 2024-08-08T13:50:00
  반복 626: 200개 수집, 200개 저장 (총 수집: 125,200개, 저장: 5,496개)
    최고: 2024-08-07T21:10:00
  반복 627: 200개 수집, 200개 저장 (총 수집: 125,400개, 저장: 5,696개)
    최고: 2024-08-07T04:30:00
  반복 628: 200개 수집, 200개 저장 (총 수집: 125,600개, 저장: 5,896개)
    최고: 2024-08-06T11:50:00
  반복 629: 200개 수집, 200개 저장 (총 수집: 125,800개, 저장: 6,096개)
    최고: 2024-08-05T19:10:00
  반복 630: 200개 수집, 200개 저장 (총 수집: 126,000개, 저장: 6,296개)
    최고: 2024-08-05T02:30:00
  반복 631: 200개 수집, 200개 저장 (총 수집: 126,200개, 저장: 6,496개)
    최고: 2024-08-04T09:50:00
  반복 632: 200개 수집, 200개 저장 (총 수집: 126,400개, 저장: 6,696개)
    최고: 2024-08-03T17:10:00
  반복 633: 200개 수집, 200개 저장 (총 수집: 126,600개, 저장: 6,896개)
    최고: 2024-08-03T00:30:00
  반복 634: 200개 수집, 200개 저장 (총 수집: 126,800개, 저장: 7,096개)
    최고: 2024-08-02T07:50:00
  반복 635: 200개 수집, 200개 저장 (총 수집: 127,000개, 저장: 7,296개)
    최고: 2024-08-01T15:10:00
  반복 636: 200개 수집, 200개 저장 (총 수집: 127,200개, 저장: 7,496개)
    최고: 2024-07-31T22:30:00
  반복 637: 200개 수집, 200개 저장 (총 수집: 127,400개, 저장: 7,696개)
    최고: 2024-07-31T05:50:00
  반복 638: 200개 수집, 200개 저장 (총 수집: 127,600개, 저장: 7,896개)
    최고: 2024-07-30T13:10:00
  반복 639: 200개 수집, 200개 저장 (총 수집: 127,800개, 저장: 8,096개)
    최고: 2024-07-29T20:30:00
  반복 640: 200개 수집, 200개 저장 (총 수집: 128,000개, 저장: 8,296개)
    최고: 2024-07-29T03:50:00
  반복 641: 200개 수집, 200개 저장 (총 수집: 128,200개, 저장: 8,496개)
    최고: 2024-07-28T11:10:00
  반복 642: 200개 수집, 200개 저장 (총 수집: 128,400개, 저장: 8,696개)
    최고: 2024-07-27T18:30:00
  반복 643: 200개 수집, 200개 저장 (총 수집: 128,600개, 저장: 8,896개)
    최고: 2024-07-27T01:50:00
  반복 644: 200개 수집, 200개 저장 (총 수집: 128,800개, 저장: 9,096개)
    최고: 2024-07-26T09:10:00
  반복 645: 200개 수집, 200개 저장 (총 수집: 129,000개, 저장: 9,296개)
    최고: 2024-07-25T16:30:00
  반복 646: 200개 수집, 200개 저장 (총 수집: 129,200개, 저장: 9,496개)
    최고: 2024-07-24T23:50:00
  반복 647: 200개 수집, 200개 저장 (총 수집: 129,400개, 저장: 9,696개)
    최고: 2024-07-24T07:10:00
  반복 648: 200개 수집, 200개 저장 (총 수집: 129,600개, 저장: 9,896개)
    최고: 2024-07-23T14:30:00
  반복 649: 200개 수집, 200개 저장 (총 수집: 129,800개, 저장: 10,096개)
    최고: 2024-07-22T21:50:00
  반복 650: 200개 수집, 200개 저장 (총 수집: 130,000개, 저장: 10,296개)
    최고: 2024-07-22T05:10:00
  반복 651: 200개 수집, 200개 저장 (총 수집: 130,200개, 저장: 10,496개)
    최고: 2024-07-21T12:30:00
  반복 652: 200개 수집, 200개 저장 (총 수집: 130,400개, 저장: 10,696개)
    최고: 2024-07-20T19:50:00
  반복 653: 200개 수집, 200개 저장 (총 수집: 130,600개, 저장: 10,896개)
    최고: 2024-07-20T03:10:00
  반복 654: 200개 수집, 200개 저장 (총 수집: 130,800개, 저장: 11,096개)
    최고: 2024-07-19T10:30:00
  반복 655: 200개 수집, 200개 저장 (총 수집: 131,000개, 저장: 11,296개)
    최고: 2024-07-18T17:50:00
  반복 656: 200개 수집, 200개 저장 (총 수집: 131,200개, 저장: 11,496개)
    최고: 2024-07-18T01:10:00
  반복 657: 200개 수집, 200개 저장 (총 수집: 131,400개, 저장: 11,696개)
    최고: 2024-07-17T08:30:00
  반복 658: 200개 수집, 200개 저장 (총 수집: 131,600개, 저장: 11,896개)
    최고: 2024-07-16T15:50:00
  반복 659: 200개 수집, 200개 저장 (총 수집: 131,800개, 저장: 12,096개)
    최고: 2024-07-15T23:10:00
  반복 660: 200개 수집, 200개 저장 (총 수집: 132,000개, 저장: 12,296개)
    최고: 2024-07-15T06:30:00
  반복 661: 200개 수집, 200개 저장 (총 수집: 132,200개, 저장: 12,496개)
    최고: 2024-07-14T13:50:00
  반복 662: 200개 수집, 200개 저장 (총 수집: 132,400개, 저장: 12,696개)
    최고: 2024-07-13T21:10:00
  반복 663: 200개 수집, 200개 저장 (총 수집: 132,600개, 저장: 12,896개)
    최고: 2024-07-13T04:30:00
  반복 664: 200개 수집, 200개 저장 (총 수집: 132,800개, 저장: 13,096개)
    최고: 2024-07-12T11:50:00
  반복 665: 200개 수집, 200개 저장 (총 수집: 133,000개, 저장: 13,296개)
    최고: 2024-07-11T19:10:00
  반복 666: 200개 수집, 200개 저장 (총 수집: 133,200개, 저장: 13,496개)
    최고: 2024-07-11T02:30:00
  반복 667: 200개 수집, 200개 저장 (총 수집: 133,400개, 저장: 13,696개)
    최고: 2024-07-10T09:50:00
  반복 668: 200개 수집, 200개 저장 (총 수집: 133,600개, 저장: 13,896개)
    최고: 2024-07-09T17:10:00
  반복 669: 200개 수집, 200개 저장 (총 수집: 133,800개, 저장: 14,096개)
    최고: 2024-07-09T00:30:00
  반복 670: 200개 수집, 200개 저장 (총 수집: 134,000개, 저장: 14,296개)
    최고: 2024-07-08T07:50:00
  반복 671: 200개 수집, 200개 저장 (총 수집: 134,200개, 저장: 14,496개)
    최고: 2024-07-07T15:10:00
  반복 672: 200개 수집, 200개 저장 (총 수집: 134,400개, 저장: 14,696개)
    최고: 2024-07-06T22:30:00
  반복 673: 200개 수집, 200개 저장 (총 수집: 134,600개, 저장: 14,896개)
    최고: 2024-07-06T05:50:00
  반복 674: 200개 수집, 200개 저장 (총 수집: 134,800개, 저장: 15,096개)
    최고: 2024-07-05T13:10:00
  반복 675: 200개 수집, 200개 저장 (총 수집: 135,000개, 저장: 15,296개)
    최고: 2024-07-04T20:30:00
  반복 676: 200개 수집, 200개 저장 (총 수집: 135,200개, 저장: 15,496개)
    최고: 2024-07-04T03:50:00
  반복 677: 200개 수집, 200개 저장 (총 수집: 135,400개, 저장: 15,696개)
    최고: 2024-07-03T11:10:00
  반복 678: 200개 수집, 200개 저장 (총 수집: 135,600개, 저장: 15,896개)
    최고: 2024-07-02T18:30:00
  반복 679: 200개 수집, 200개 저장 (총 수집: 135,800개, 저장: 16,096개)
    최고: 2024-07-02T01:50:00
  반복 680: 200개 수집, 200개 저장 (총 수집: 136,000개, 저장: 16,296개)
    최고: 2024-07-01T09:10:00
  반복 681: 200개 수집, 200개 저장 (총 수집: 136,200개, 저장: 16,496개)
    최고: 2024-06-30T12:20:00
  반복 682: 200개 수집, 200개 저장 (총 수집: 136,400개, 저장: 16,696개)
    최고: 2024-06-29T19:40:00
  반복 683: 200개 수집, 200개 저장 (총 수집: 136,600개, 저장: 16,896개)
    최고: 2024-06-29T03:00:00
  반복 684: 200개 수집, 200개 저장 (총 수집: 136,800개, 저장: 17,096개)
    최고: 2024-06-28T10:20:00
  반복 685: 200개 수집, 200개 저장 (총 수집: 137,000개, 저장: 17,296개)
    최고: 2024-06-27T17:40:00
  반복 686: 200개 수집, 200개 저장 (총 수집: 137,200개, 저장: 17,496개)
    최고: 2024-06-27T01:00:00
  반복 687: 200개 수집, 200개 저장 (총 수집: 137,400개, 저장: 17,696개)
    최고: 2024-06-26T08:20:00
  반복 688: 200개 수집, 200개 저장 (총 수집: 137,600개, 저장: 17,896개)
    최고: 2024-06-25T15:40:00
  반복 689: 200개 수집, 200개 저장 (총 수집: 137,800개, 저장: 18,096개)
    최고: 2024-06-24T23:00:00
  반복 690: 200개 수집, 200개 저장 (총 수집: 138,000개, 저장: 18,296개)
    최고: 2024-06-24T06:20:00
  반복 691: 200개 수집, 200개 저장 (총 수집: 138,200개, 저장: 18,496개)
    최고: 2024-06-23T13:40:00
  반복 692: 200개 수집, 200개 저장 (총 수집: 138,400개, 저장: 18,696개)
    최고: 2024-06-22T21:00:00
  반복 693: 200개 수집, 200개 저장 (총 수집: 138,600개, 저장: 18,896개)
    최고: 2024-06-22T04:20:00
  반복 694: 200개 수집, 200개 저장 (총 수집: 138,800개, 저장: 19,096개)
    최고: 2024-06-21T11:40:00
  반복 695: 200개 수집, 200개 저장 (총 수집: 139,000개, 저장: 19,296개)
    최고: 2024-06-20T19:00:00
  반복 696: 200개 수집, 200개 저장 (총 수집: 139,200개, 저장: 19,496개)
    최고: 2024-06-20T02:20:00
  반복 697: 200개 수집, 200개 저장 (총 수집: 139,400개, 저장: 19,696개)
    최고: 2024-06-19T09:40:00
  반복 698: 200개 수집, 200개 저장 (총 수집: 139,600개, 저장: 19,896개)
    최고: 2024-06-18T17:00:00
  반복 699: 200개 수집, 200개 저장 (총 수집: 139,800개, 저장: 20,096개)
    최고: 2024-06-18T00:20:00
  반복 700: 200개 수집, 200개 저장 (총 수집: 140,000개, 저장: 20,296개)
    최고: 2024-06-17T07:40:00
  반복 701: 200개 수집, 200개 저장 (총 수집: 140,200개, 저장: 20,496개)
    최고: 2024-06-16T15:00:00
  반복 702: 200개 수집, 200개 저장 (총 수집: 140,400개, 저장: 20,696개)
    최고: 2024-06-15T22:20:00
  반복 703: 200개 수집, 200개 저장 (총 수집: 140,600개, 저장: 20,896개)
    최고: 2024-06-15T05:40:00
  반복 704: 200개 수집, 200개 저장 (총 수집: 140,800개, 저장: 21,096개)
    최고: 2024-06-14T13:00:00
  반복 705: 200개 수집, 200개 저장 (총 수집: 141,000개, 저장: 21,296개)
    최고: 2024-06-13T20:20:00
  반복 706: 200개 수집, 200개 저장 (총 수집: 141,200개, 저장: 21,496개)
    최고: 2024-06-13T03:40:00
  반복 707: 200개 수집, 200개 저장 (총 수집: 141,400개, 저장: 21,696개)
    최고: 2024-06-12T11:00:00
  반복 708: 200개 수집, 200개 저장 (총 수집: 141,600개, 저장: 21,896개)
    최고: 2024-06-11T18:20:00
  반복 709: 200개 수집, 200개 저장 (총 수집: 141,800개, 저장: 22,096개)
    최고: 2024-06-11T01:40:00
  반복 710: 200개 수집, 200개 저장 (총 수집: 142,000개, 저장: 22,296개)
    최고: 2024-06-10T09:00:00
  반복 711: 200개 수집, 200개 저장 (총 수집: 142,200개, 저장: 22,496개)
    최고: 2024-06-09T16:20:00
  반복 712: 200개 수집, 200개 저장 (총 수집: 142,400개, 저장: 22,696개)
    최고: 2024-06-08T23:40:00
  반복 713: 200개 수집, 200개 저장 (총 수집: 142,600개, 저장: 22,896개)
    최고: 2024-06-08T07:00:00
  반복 714: 200개 수집, 200개 저장 (총 수집: 142,800개, 저장: 23,096개)
    최고: 2024-06-07T14:20:00
  반복 715: 200개 수집, 200개 저장 (총 수집: 143,000개, 저장: 23,296개)
    최고: 2024-06-06T21:40:00
  반복 716: 200개 수집, 200개 저장 (총 수집: 143,200개, 저장: 23,496개)
    최고: 2024-06-06T05:00:00
  반복 717: 200개 수집, 200개 저장 (총 수집: 143,400개, 저장: 23,696개)
    최고: 2024-06-05T12:20:00
  반복 718: 200개 수집, 200개 저장 (총 수집: 143,600개, 저장: 23,896개)
    최고: 2024-06-04T19:40:00
  반복 719: 200개 수집, 200개 저장 (총 수집: 143,800개, 저장: 24,096개)
    최고: 2024-06-04T03:00:00
  반복 720: 200개 수집, 200개 저장 (총 수집: 144,000개, 저장: 24,296개)
    최고: 2024-06-03T10:20:00
  반복 721: 200개 수집, 200개 저장 (총 수집: 144,200개, 저장: 24,496개)
    최고: 2024-06-02T17:40:00
  반복 722: 200개 수집, 200개 저장 (총 수집: 144,400개, 저장: 24,696개)
    최고: 2024-06-02T01:00:00
  반복 723: 200개 수집, 200개 저장 (총 수집: 144,600개, 저장: 24,896개)
    최고: 2024-06-01T08:20:00
  반복 724: 200개 수집, 200개 저장 (총 수집: 144,800개, 저장: 25,096개)
    최고: 2024-05-31T15:40:00
  반복 725: 200개 수집, 200개 저장 (총 수집: 145,000개, 저장: 25,296개)
    최고: 2024-05-30T23:00:00
  반복 726: 200개 수집, 200개 저장 (총 수집: 145,200개, 저장: 25,496개)
    최고: 2024-05-30T06:20:00
  반복 727: 200개 수집, 200개 저장 (총 수집: 145,400개, 저장: 25,696개)
    최고: 2024-05-29T13:40:00
  반복 728: 200개 수집, 200개 저장 (총 수집: 145,600개, 저장: 25,896개)
    최고: 2024-05-28T21:00:00
  반복 729: 200개 수집, 200개 저장 (총 수집: 145,800개, 저장: 26,096개)
    최고: 2024-05-28T04:20:00
  반복 730: 200개 수집, 200개 저장 (총 수집: 146,000개, 저장: 26,296개)
    최고: 2024-05-27T11:40:00
  반복 731: 200개 수집, 200개 저장 (총 수집: 146,200개, 저장: 26,496개)
    최고: 2024-05-26T19:00:00
  반복 732: 200개 수집, 200개 저장 (총 수집: 146,400개, 저장: 26,696개)
    최고: 2024-05-26T02:20:00
  반복 733: 200개 수집, 200개 저장 (총 수집: 146,600개, 저장: 26,896개)
    최고: 2024-05-25T09:40:00
  반복 734: 200개 수집, 200개 저장 (총 수집: 146,800개, 저장: 27,096개)
    최고: 2024-05-24T17:00:00
  반복 735: 200개 수집, 200개 저장 (총 수집: 147,000개, 저장: 27,296개)
    최고: 2024-05-24T00:20:00
  반복 736: 200개 수집, 200개 저장 (총 수집: 147,200개, 저장: 27,496개)
    최고: 2024-05-23T07:40:00
  반복 737: 200개 수집, 200개 저장 (총 수집: 147,400개, 저장: 27,696개)
    최고: 2024-05-22T15:00:00
  반복 738: 200개 수집, 200개 저장 (총 수집: 147,600개, 저장: 27,896개)
    최고: 2024-05-21T22:20:00
  반복 739: 200개 수집, 200개 저장 (총 수집: 147,800개, 저장: 28,096개)
    최고: 2024-05-21T05:40:00
  반복 740: 200개 수집, 200개 저장 (총 수집: 148,000개, 저장: 28,296개)
    최고: 2024-05-20T13:00:00
  반복 741: 200개 수집, 200개 저장 (총 수집: 148,200개, 저장: 28,496개)
    최고: 2024-05-19T20:20:00
  반복 742: 200개 수집, 200개 저장 (총 수집: 148,400개, 저장: 28,696개)
    최고: 2024-05-19T03:40:00
  반복 743: 200개 수집, 200개 저장 (총 수집: 148,600개, 저장: 28,896개)
    최고: 2024-05-18T11:00:00
  반복 744: 200개 수집, 200개 저장 (총 수집: 148,800개, 저장: 29,096개)
    최고: 2024-05-17T18:20:00
  반복 745: 200개 수집, 200개 저장 (총 수집: 149,000개, 저장: 29,296개)
    최고: 2024-05-17T01:40:00
  반복 746: 200개 수집, 200개 저장 (총 수집: 149,200개, 저장: 29,496개)
    최고: 2024-05-16T09:00:00
  반복 747: 200개 수집, 200개 저장 (총 수집: 149,400개, 저장: 29,696개)
    최고: 2024-05-15T16:20:00
  반복 748: 200개 수집, 200개 저장 (총 수집: 149,600개, 저장: 29,896개)
    최고: 2024-05-14T23:40:00
  반복 749: 200개 수집, 200개 저장 (총 수집: 149,800개, 저장: 30,096개)
    최고: 2024-05-14T07:00:00
  반복 750: 200개 수집, 200개 저장 (총 수집: 150,000개, 저장: 30,296개)
    최고: 2024-05-13T14:20:00
  반복 751: 200개 수집, 200개 저장 (총 수집: 150,200개, 저장: 30,496개)
    최고: 2024-05-12T21:40:00
  반복 752: 200개 수집, 200개 저장 (총 수집: 150,400개, 저장: 30,696개)
    최고: 2024-05-12T05:00:00
  반복 753: 200개 수집, 200개 저장 (총 수집: 150,600개, 저장: 30,896개)
    최고: 2024-05-11T12:20:00
  반복 754: 200개 수집, 200개 저장 (총 수집: 150,800개, 저장: 31,096개)
    최고: 2024-05-10T19:40:00
  반복 755: 200개 수집, 200개 저장 (총 수집: 151,000개, 저장: 31,296개)
    최고: 2024-05-10T03:00:00
  반복 756: 200개 수집, 200개 저장 (총 수집: 151,200개, 저장: 31,496개)
    최고: 2024-05-09T10:20:00
  반복 757: 200개 수집, 200개 저장 (총 수집: 151,400개, 저장: 31,696개)
    최고: 2024-05-08T17:40:00
  반복 758: 200개 수집, 200개 저장 (총 수집: 151,600개, 저장: 31,896개)
    최고: 2024-05-08T01:00:00
  반복 759: 200개 수집, 200개 저장 (총 수집: 151,800개, 저장: 32,096개)
    최고: 2024-05-07T08:20:00
  반복 760: 200개 수집, 200개 저장 (총 수집: 152,000개, 저장: 32,296개)
    최고: 2024-05-06T15:40:00
  반복 761: 200개 수집, 200개 저장 (총 수집: 152,200개, 저장: 32,496개)
    최고: 2024-05-05T23:00:00
  반복 762: 200개 수집, 200개 저장 (총 수집: 152,400개, 저장: 32,696개)
    최고: 2024-05-05T06:20:00
  반복 763: 200개 수집, 200개 저장 (총 수집: 152,600개, 저장: 32,896개)
    최고: 2024-05-04T13:40:00
  반복 764: 200개 수집, 200개 저장 (총 수집: 152,800개, 저장: 33,096개)
    최고: 2024-05-03T21:00:00
  반복 765: 200개 수집, 200개 저장 (총 수집: 153,000개, 저장: 33,296개)
    최고: 2024-05-03T04:20:00
  반복 766: 200개 수집, 200개 저장 (총 수집: 153,200개, 저장: 33,496개)
    최고: 2024-05-02T11:40:00
  반복 767: 200개 수집, 200개 저장 (총 수집: 153,400개, 저장: 33,696개)
    최고: 2024-05-01T19:00:00
  반복 768: 200개 수집, 200개 저장 (총 수집: 153,600개, 저장: 33,896개)
    최고: 2024-05-01T02:20:00
  반복 769: 200개 수집, 200개 저장 (총 수집: 153,800개, 저장: 34,096개)
    최고: 2024-04-30T09:40:00
  반복 770: 200개 수집, 200개 저장 (총 수집: 154,000개, 저장: 34,296개)
    최고: 2024-04-29T17:00:00
  반복 771: 200개 수집, 200개 저장 (총 수집: 154,200개, 저장: 34,496개)
    최고: 2024-04-29T00:20:00
  반복 772: 200개 수집, 200개 저장 (총 수집: 154,400개, 저장: 34,696개)
    최고: 2024-04-28T07:40:00
  반복 773: 200개 수집, 200개 저장 (총 수집: 154,600개, 저장: 34,896개)
    최고: 2024-04-27T15:00:00
  반복 774: 200개 수집, 200개 저장 (총 수집: 154,800개, 저장: 35,096개)
    최고: 2024-04-26T22:20:00
  반복 775: 200개 수집, 200개 저장 (총 수집: 155,000개, 저장: 35,296개)
    최고: 2024-04-26T05:40:00
  반복 776: 200개 수집, 200개 저장 (총 수집: 155,200개, 저장: 35,496개)
    최고: 2024-04-25T13:00:00
  반복 777: 200개 수집, 200개 저장 (총 수집: 155,400개, 저장: 35,696개)
    최고: 2024-04-24T20:20:00
  반복 778: 200개 수집, 200개 저장 (총 수집: 155,600개, 저장: 35,896개)
    최고: 2024-04-24T03:40:00
  반복 779: 200개 수집, 200개 저장 (총 수집: 155,800개, 저장: 36,096개)
    최고: 2024-04-23T11:00:00
  반복 780: 200개 수집, 200개 저장 (총 수집: 156,000개, 저장: 36,296개)
    최고: 2024-04-22T18:20:00
  반복 781: 200개 수집, 200개 저장 (총 수집: 156,200개, 저장: 36,496개)
    최고: 2024-04-22T01:40:00
  반복 782: 200개 수집, 200개 저장 (총 수집: 156,400개, 저장: 36,696개)
    최고: 2024-04-21T09:00:00
  반복 783: 200개 수집, 200개 저장 (총 수집: 156,600개, 저장: 36,896개)
    최고: 2024-04-20T16:20:00
  반복 784: 200개 수집, 200개 저장 (총 수집: 156,800개, 저장: 37,096개)
    최고: 2024-04-19T23:40:00
  반복 785: 200개 수집, 200개 저장 (총 수집: 157,000개, 저장: 37,296개)
    최고: 2024-04-19T07:00:00
  반복 786: 200개 수집, 200개 저장 (총 수집: 157,200개, 저장: 37,496개)
    최고: 2024-04-18T14:20:00
  반복 787: 200개 수집, 200개 저장 (총 수집: 157,400개, 저장: 37,696개)
    최고: 2024-04-17T21:40:00
  반복 788: 200개 수집, 200개 저장 (총 수집: 157,600개, 저장: 37,896개)
    최고: 2024-04-17T05:00:00
  반복 789: 200개 수집, 200개 저장 (총 수집: 157,800개, 저장: 38,096개)
    최고: 2024-04-16T12:20:00
  반복 790: 200개 수집, 200개 저장 (총 수집: 158,000개, 저장: 38,296개)
    최고: 2024-04-15T19:40:00
  반복 791: 200개 수집, 200개 저장 (총 수집: 158,200개, 저장: 38,496개)
    최고: 2024-04-15T03:00:00
  반복 792: 200개 수집, 200개 저장 (총 수집: 158,400개, 저장: 38,696개)
    최고: 2024-04-14T10:20:00
  반복 793: 200개 수집, 200개 저장 (총 수집: 158,600개, 저장: 38,896개)
    최고: 2024-04-13T17:40:00
  반복 794: 200개 수집, 200개 저장 (총 수집: 158,800개, 저장: 39,096개)
    최고: 2024-04-13T01:00:00
  반복 795: 200개 수집, 200개 저장 (총 수집: 159,000개, 저장: 39,296개)
    최고: 2024-04-12T08:20:00
  반복 796: 200개 수집, 200개 저장 (총 수집: 159,200개, 저장: 39,496개)
    최고: 2024-04-11T15:40:00
  반복 797: 200개 수집, 200개 저장 (총 수집: 159,400개, 저장: 39,696개)
    최고: 2024-04-10T23:00:00
  반복 798: 200개 수집, 200개 저장 (총 수집: 159,600개, 저장: 39,896개)
    최고: 2024-04-10T06:20:00
  반복 799: 200개 수집, 200개 저장 (총 수집: 159,800개, 저장: 40,096개)
    최고: 2024-04-09T13:40:00
  반복 800: 200개 수집, 200개 저장 (총 수집: 160,000개, 저장: 40,296개)
    최고: 2024-04-08T21:00:00
  반복 801: 200개 수집, 200개 저장 (총 수집: 160,200개, 저장: 40,496개)
    최고: 2024-04-08T04:20:00
  반복 802: 200개 수집, 200개 저장 (총 수집: 160,400개, 저장: 40,696개)
    최고: 2024-04-07T11:40:00
  반복 803: 200개 수집, 200개 저장 (총 수집: 160,600개, 저장: 40,896개)
    최고: 2024-04-06T19:00:00
  반복 804: 200개 수집, 200개 저장 (총 수집: 160,800개, 저장: 41,096개)
    최고: 2024-04-06T02:20:00
  반복 805: 200개 수집, 200개 저장 (총 수집: 161,000개, 저장: 41,296개)
    최고: 2024-04-05T09:40:00
  반복 806: 200개 수집, 200개 저장 (총 수집: 161,200개, 저장: 41,496개)
    최고: 2024-04-04T17:00:00
  반복 807: 200개 수집, 200개 저장 (총 수집: 161,400개, 저장: 41,696개)
    최고: 2024-04-04T00:20:00
  반복 808: 200개 수집, 200개 저장 (총 수집: 161,600개, 저장: 41,896개)
    최고: 2024-04-03T07:40:00
  반복 809: 200개 수집, 200개 저장 (총 수집: 161,800개, 저장: 42,096개)
    최고: 2024-04-02T15:00:00
  반복 810: 200개 수집, 200개 저장 (총 수집: 162,000개, 저장: 42,296개)
    최고: 2024-04-01T22:20:00
  반복 811: 200개 수집, 200개 저장 (총 수집: 162,200개, 저장: 42,496개)
    최고: 2024-04-01T01:05:00
  반복 812: 200개 수집, 200개 저장 (총 수집: 162,400개, 저장: 42,696개)
    최고: 2024-03-31T08:25:00
  반복 813: 200개 수집, 200개 저장 (총 수집: 162,600개, 저장: 42,896개)
    최고: 2024-03-30T15:45:00
  반복 814: 200개 수집, 200개 저장 (총 수집: 162,800개, 저장: 43,096개)
    최고: 2024-03-29T23:05:00
  반복 815: 200개 수집, 200개 저장 (총 수집: 163,000개, 저장: 43,296개)
    최고: 2024-03-29T06:25:00
  반복 816: 200개 수집, 200개 저장 (총 수집: 163,200개, 저장: 43,496개)
    최고: 2024-03-28T13:45:00
  반복 817: 200개 수집, 200개 저장 (총 수집: 163,400개, 저장: 43,696개)
    최고: 2024-03-27T21:05:00
  반복 818: 200개 수집, 200개 저장 (총 수집: 163,600개, 저장: 43,896개)
    최고: 2024-03-27T04:25:00
  반복 819: 200개 수집, 200개 저장 (총 수집: 163,800개, 저장: 44,096개)
    최고: 2024-03-26T11:45:00
  반복 820: 200개 수집, 200개 저장 (총 수집: 164,000개, 저장: 44,296개)
    최고: 2024-03-25T19:05:00
  반복 821: 200개 수집, 200개 저장 (총 수집: 164,200개, 저장: 44,496개)
    최고: 2024-03-25T02:25:00
  반복 822: 200개 수집, 200개 저장 (총 수집: 164,400개, 저장: 44,696개)
    최고: 2024-03-24T09:45:00
  반복 823: 200개 수집, 200개 저장 (총 수집: 164,600개, 저장: 44,896개)
    최고: 2024-03-23T17:05:00
  반복 824: 200개 수집, 200개 저장 (총 수집: 164,800개, 저장: 45,096개)
    최고: 2024-03-23T00:25:00
  반복 825: 200개 수집, 200개 저장 (총 수집: 165,000개, 저장: 45,296개)
    최고: 2024-03-22T07:45:00
  반복 826: 200개 수집, 200개 저장 (총 수집: 165,200개, 저장: 45,496개)
    최고: 2024-03-21T15:05:00
  반복 827: 200개 수집, 200개 저장 (총 수집: 165,400개, 저장: 45,696개)
    최고: 2024-03-20T22:25:00
  반복 828: 200개 수집, 200개 저장 (총 수집: 165,600개, 저장: 45,896개)
    최고: 2024-03-20T05:45:00
  반복 829: 200개 수집, 200개 저장 (총 수집: 165,800개, 저장: 46,096개)
    최고: 2024-03-19T13:05:00
  반복 830: 200개 수집, 200개 저장 (총 수집: 166,000개, 저장: 46,296개)
    최고: 2024-03-18T20:25:00
  반복 831: 200개 수집, 200개 저장 (총 수집: 166,200개, 저장: 46,496개)
    최고: 2024-03-18T03:45:00
  반복 832: 200개 수집, 200개 저장 (총 수집: 166,400개, 저장: 46,696개)
    최고: 2024-03-17T11:05:00
  반복 833: 200개 수집, 200개 저장 (총 수집: 166,600개, 저장: 46,896개)
    최고: 2024-03-16T18:25:00
  반복 834: 200개 수집, 200개 저장 (총 수집: 166,800개, 저장: 47,096개)
    최고: 2024-03-16T01:45:00
  반복 835: 200개 수집, 200개 저장 (총 수집: 167,000개, 저장: 47,296개)
    최고: 2024-03-15T09:05:00
  반복 836: 200개 수집, 200개 저장 (총 수집: 167,200개, 저장: 47,496개)
    최고: 2024-03-14T16:25:00
  반복 837: 200개 수집, 200개 저장 (총 수집: 167,400개, 저장: 47,696개)
    최고: 2024-03-13T23:45:00
  반복 838: 200개 수집, 200개 저장 (총 수집: 167,600개, 저장: 47,896개)
    최고: 2024-03-13T07:05:00
  반복 839: 200개 수집, 200개 저장 (총 수집: 167,800개, 저장: 48,096개)
    최고: 2024-03-12T14:25:00
  반복 840: 200개 수집, 200개 저장 (총 수집: 168,000개, 저장: 48,296개)
    최고: 2024-03-11T21:45:00
  반복 841: 200개 수집, 200개 저장 (총 수집: 168,200개, 저장: 48,496개)
    최고: 2024-03-11T05:05:00
  반복 842: 200개 수집, 200개 저장 (총 수집: 168,400개, 저장: 48,696개)
    최고: 2024-03-10T12:25:00
  반복 843: 200개 수집, 200개 저장 (총 수집: 168,600개, 저장: 48,896개)
    최고: 2024-03-09T19:45:00
  반복 844: 200개 수집, 200개 저장 (총 수집: 168,800개, 저장: 49,096개)
    최고: 2024-03-09T03:05:00
  반복 845: 200개 수집, 200개 저장 (총 수집: 169,000개, 저장: 49,296개)
    최고: 2024-03-08T10:25:00
  반복 846: 200개 수집, 200개 저장 (총 수집: 169,200개, 저장: 49,496개)
    최고: 2024-03-07T17:45:00
  반복 847: 200개 수집, 200개 저장 (총 수집: 169,400개, 저장: 49,696개)
    최고: 2024-03-07T01:05:00
  반복 848: 200개 수집, 200개 저장 (총 수집: 169,600개, 저장: 49,896개)
    최고: 2024-03-06T08:25:00
  반복 849: 200개 수집, 200개 저장 (총 수집: 169,800개, 저장: 50,096개)
    최고: 2024-03-05T15:45:00
  반복 850: 200개 수집, 200개 저장 (총 수집: 170,000개, 저장: 50,296개)
    최고: 2024-03-04T23:05:00
  반복 851: 200개 수집, 200개 저장 (총 수집: 170,200개, 저장: 50,496개)
    최고: 2024-03-04T06:25:00
  반복 852: 200개 수집, 200개 저장 (총 수집: 170,400개, 저장: 50,696개)
    최고: 2024-03-03T13:45:00
  반복 853: 200개 수집, 200개 저장 (총 수집: 170,600개, 저장: 50,896개)
    최고: 2024-03-02T21:05:00
  반복 854: 200개 수집, 200개 저장 (총 수집: 170,800개, 저장: 51,096개)
    최고: 2024-03-02T04:25:00
  반복 855: 200개 수집, 200개 저장 (총 수집: 171,000개, 저장: 51,296개)
    최고: 2024-03-01T11:45:00
  반복 856: 200개 수집, 200개 저장 (총 수집: 171,200개, 저장: 51,496개)
    최고: 2024-02-29T19:05:00
  반복 857: 200개 수집, 200개 저장 (총 수집: 171,400개, 저장: 51,696개)
    최고: 2024-02-29T02:25:00
  반복 858: 200개 수집, 200개 저장 (총 수집: 171,600개, 저장: 51,896개)
    최고: 2024-02-28T09:45:00
  반복 859: 200개 수집, 200개 저장 (총 수집: 171,800개, 저장: 52,096개)
    최고: 2024-02-27T17:05:00
  반복 860: 200개 수집, 200개 저장 (총 수집: 172,000개, 저장: 52,296개)
    최고: 2024-02-27T00:25:00
  반복 861: 200개 수집, 200개 저장 (총 수집: 172,200개, 저장: 52,496개)
    최고: 2024-02-26T07:45:00
  반복 862: 200개 수집, 200개 저장 (총 수집: 172,400개, 저장: 52,696개)
    최고: 2024-02-25T15:05:00
  반복 863: 200개 수집, 200개 저장 (총 수집: 172,600개, 저장: 52,896개)
    최고: 2024-02-24T22:25:00
  반복 864: 200개 수집, 200개 저장 (총 수집: 172,800개, 저장: 53,096개)
    최고: 2024-02-24T05:45:00
  반복 865: 200개 수집, 200개 저장 (총 수집: 173,000개, 저장: 53,296개)
    최고: 2024-02-23T13:05:00
  반복 866: 200개 수집, 200개 저장 (총 수집: 173,200개, 저장: 53,496개)
    최고: 2024-02-22T20:25:00
  반복 867: 200개 수집, 200개 저장 (총 수집: 173,400개, 저장: 53,696개)
    최고: 2024-02-22T03:45:00
  반복 868: 200개 수집, 200개 저장 (총 수집: 173,600개, 저장: 53,896개)
    최고: 2024-02-21T11:05:00
  반복 869: 200개 수집, 200개 저장 (총 수집: 173,800개, 저장: 54,096개)
    최고: 2024-02-20T18:25:00
  반복 870: 200개 수집, 200개 저장 (총 수집: 174,000개, 저장: 54,296개)
    최고: 2024-02-20T01:45:00
  반복 871: 200개 수집, 200개 저장 (총 수집: 174,200개, 저장: 54,496개)
    최고: 2024-02-19T09:05:00
  반복 872: 200개 수집, 200개 저장 (총 수집: 174,400개, 저장: 54,696개)
    최고: 2024-02-18T16:25:00
  반복 873: 200개 수집, 200개 저장 (총 수집: 174,600개, 저장: 54,896개)
    최고: 2024-02-17T23:45:00
  반복 874: 200개 수집, 200개 저장 (총 수집: 174,800개, 저장: 55,096개)
    최고: 2024-02-17T07:05:00
  반복 875: 200개 수집, 200개 저장 (총 수집: 175,000개, 저장: 55,296개)
    최고: 2024-02-16T14:25:00
  반복 876: 200개 수집, 200개 저장 (총 수집: 175,200개, 저장: 55,496개)
    최고: 2024-02-15T21:45:00
  반복 877: 200개 수집, 200개 저장 (총 수집: 175,400개, 저장: 55,696개)
    최고: 2024-02-15T05:05:00
  반복 878: 200개 수집, 200개 저장 (총 수집: 175,600개, 저장: 55,896개)
    최고: 2024-02-14T12:25:00
  반복 879: 200개 수집, 200개 저장 (총 수집: 175,800개, 저장: 56,096개)
    최고: 2024-02-13T19:45:00
  반복 880: 200개 수집, 200개 저장 (총 수집: 176,000개, 저장: 56,296개)
    최고: 2024-02-13T03:05:00
  반복 881: 200개 수집, 200개 저장 (총 수집: 176,200개, 저장: 56,496개)
    최고: 2024-02-12T10:25:00
  반복 882: 200개 수집, 200개 저장 (총 수집: 176,400개, 저장: 56,696개)
    최고: 2024-02-11T17:45:00
  반복 883: 200개 수집, 200개 저장 (총 수집: 176,600개, 저장: 56,896개)
    최고: 2024-02-11T01:05:00
  반복 884: 200개 수집, 200개 저장 (총 수집: 176,800개, 저장: 57,096개)
    최고: 2024-02-10T08:25:00
  반복 885: 200개 수집, 200개 저장 (총 수집: 177,000개, 저장: 57,296개)
    최고: 2024-02-09T15:45:00
  반복 886: 200개 수집, 200개 저장 (총 수집: 177,200개, 저장: 57,496개)
    최고: 2024-02-08T23:05:00
  반복 887: 200개 수집, 200개 저장 (총 수집: 177,400개, 저장: 57,696개)
    최고: 2024-02-08T06:25:00
  반복 888: 200개 수집, 200개 저장 (총 수집: 177,600개, 저장: 57,896개)
    최고: 2024-02-07T13:45:00
  반복 889: 200개 수집, 200개 저장 (총 수집: 177,800개, 저장: 58,096개)
    최고: 2024-02-06T21:05:00
  반복 890: 200개 수집, 200개 저장 (총 수집: 178,000개, 저장: 58,296개)
    최고: 2024-02-06T04:25:00
  반복 891: 200개 수집, 200개 저장 (총 수집: 178,200개, 저장: 58,496개)
    최고: 2024-02-05T11:45:00
  반복 892: 200개 수집, 200개 저장 (총 수집: 178,400개, 저장: 58,696개)
    최고: 2024-02-04T19:05:00
  반복 893: 200개 수집, 200개 저장 (총 수집: 178,600개, 저장: 58,896개)
    최고: 2024-02-04T02:25:00
  반복 894: 200개 수집, 200개 저장 (총 수집: 178,800개, 저장: 59,096개)
    최고: 2024-02-03T09:45:00
  반복 895: 200개 수집, 200개 저장 (총 수집: 179,000개, 저장: 59,296개)
    최고: 2024-02-02T17:05:00
  반복 896: 200개 수집, 200개 저장 (총 수집: 179,200개, 저장: 59,496개)
    최고: 2024-02-02T00:25:00
  반복 897: 200개 수집, 200개 저장 (총 수집: 179,400개, 저장: 59,696개)
    최고: 2024-02-01T07:45:00
  반복 898: 200개 수집, 200개 저장 (총 수집: 179,600개, 저장: 59,896개)
    최고: 2024-01-31T15:05:00
  반복 899: 200개 수집, 200개 저장 (총 수집: 179,800개, 저장: 60,096개)
    최고: 2024-01-30T22:25:00
  반복 900: 200개 수집, 200개 저장 (총 수집: 180,000개, 저장: 60,296개)
    최고: 2024-01-30T05:45:00
  반복 901: 200개 수집, 200개 저장 (총 수집: 180,200개, 저장: 60,496개)
    최고: 2024-01-29T13:05:00
  반복 902: 200개 수집, 200개 저장 (총 수집: 180,400개, 저장: 60,696개)
    최고: 2024-01-28T19:40:00
  반복 903: 200개 수집, 200개 저장 (총 수집: 180,600개, 저장: 60,896개)
    최고: 2024-01-28T03:00:00
  반복 904: 200개 수집, 200개 저장 (총 수집: 180,800개, 저장: 61,096개)
    최고: 2024-01-27T10:20:00
  반복 905: 200개 수집, 200개 저장 (총 수집: 181,000개, 저장: 61,296개)
    최고: 2024-01-26T17:40:00
  반복 906: 200개 수집, 200개 저장 (총 수집: 181,200개, 저장: 61,496개)
    최고: 2024-01-26T01:00:00
  반복 907: 200개 수집, 200개 저장 (총 수집: 181,400개, 저장: 61,696개)
    최고: 2024-01-25T08:20:00
  반복 908: 200개 수집, 200개 저장 (총 수집: 181,600개, 저장: 61,896개)
    최고: 2024-01-24T15:40:00
  반복 909: 200개 수집, 200개 저장 (총 수집: 181,800개, 저장: 62,096개)
    최고: 2024-01-23T23:00:00
  반복 910: 200개 수집, 200개 저장 (총 수집: 182,000개, 저장: 62,296개)
    최고: 2024-01-23T06:20:00
  반복 911: 200개 수집, 200개 저장 (총 수집: 182,200개, 저장: 62,496개)
    최고: 2024-01-22T13:40:00
  반복 912: 200개 수집, 200개 저장 (총 수집: 182,400개, 저장: 62,696개)
    최고: 2024-01-21T21:00:00
  반복 913: 200개 수집, 200개 저장 (총 수집: 182,600개, 저장: 62,896개)
    최고: 2024-01-21T04:20:00
  반복 914: 200개 수집, 200개 저장 (총 수집: 182,800개, 저장: 63,096개)
    최고: 2024-01-20T11:40:00
  반복 915: 200개 수집, 200개 저장 (총 수집: 183,000개, 저장: 63,296개)
    최고: 2024-01-19T19:00:00
  반복 916: 200개 수집, 200개 저장 (총 수집: 183,200개, 저장: 63,496개)
    최고: 2024-01-19T02:20:00
  반복 917: 200개 수집, 200개 저장 (총 수집: 183,400개, 저장: 63,696개)
    최고: 2024-01-18T09:40:00
  반복 918: 200개 수집, 200개 저장 (총 수집: 183,600개, 저장: 63,896개)
    최고: 2024-01-17T17:00:00
  반복 919: 200개 수집, 200개 저장 (총 수집: 183,800개, 저장: 64,096개)
    최고: 2024-01-17T00:20:00
  반복 920: 200개 수집, 200개 저장 (총 수집: 184,000개, 저장: 64,296개)
    최고: 2024-01-16T07:40:00
  반복 921: 200개 수집, 200개 저장 (총 수집: 184,200개, 저장: 64,496개)
    최고: 2024-01-15T15:00:00
  반복 922: 200개 수집, 200개 저장 (총 수집: 184,400개, 저장: 64,696개)
    최고: 2024-01-14T22:20:00
  반복 923: 200개 수집, 200개 저장 (총 수집: 184,600개, 저장: 64,896개)
    최고: 2024-01-14T05:40:00
  반복 924: 200개 수집, 200개 저장 (총 수집: 184,800개, 저장: 65,096개)
    최고: 2024-01-13T13:00:00
  반복 925: 200개 수집, 200개 저장 (총 수집: 185,000개, 저장: 65,296개)
    최고: 2024-01-12T20:20:00
  반복 926: 200개 수집, 200개 저장 (총 수집: 185,200개, 저장: 65,496개)
    최고: 2024-01-12T03:40:00
  반복 927: 200개 수집, 200개 저장 (총 수집: 185,400개, 저장: 65,696개)
    최고: 2024-01-11T11:00:00
  반복 928: 200개 수집, 200개 저장 (총 수집: 185,600개, 저장: 65,896개)
    최고: 2024-01-10T18:20:00
  반복 929: 200개 수집, 200개 저장 (총 수집: 185,800개, 저장: 66,096개)
    최고: 2024-01-10T01:40:00
  반복 930: 200개 수집, 200개 저장 (총 수집: 186,000개, 저장: 66,296개)
    최고: 2024-01-09T09:00:00
  반복 931: 200개 수집, 200개 저장 (총 수집: 186,200개, 저장: 66,496개)
    최고: 2024-01-08T16:20:00
  반복 932: 200개 수집, 200개 저장 (총 수집: 186,400개, 저장: 66,696개)
    최고: 2024-01-07T23:40:00
  반복 933: 200개 수집, 200개 저장 (총 수집: 186,600개, 저장: 66,896개)
    최고: 2024-01-07T07:00:00
  반복 934: 200개 수집, 200개 저장 (총 수집: 186,800개, 저장: 67,096개)
    최고: 2024-01-06T14:20:00
  반복 935: 200개 수집, 200개 저장 (총 수집: 187,000개, 저장: 67,296개)
    최고: 2024-01-05T21:40:00
  반복 936: 200개 수집, 200개 저장 (총 수집: 187,200개, 저장: 67,496개)
    최고: 2024-01-05T05:00:00
  반복 937: 200개 수집, 200개 저장 (총 수집: 187,400개, 저장: 67,696개)
    최고: 2024-01-04T12:20:00
  반복 938: 200개 수집, 200개 저장 (총 수집: 187,600개, 저장: 67,896개)
    최고: 2024-01-03T19:40:00
  반복 939: 200개 수집, 200개 저장 (총 수집: 187,800개, 저장: 68,096개)
    최고: 2024-01-03T03:00:00
  반복 940: 200개 수집, 200개 저장 (총 수집: 188,000개, 저장: 68,296개)
    최고: 2024-01-02T10:20:00
  반복 941: 200개 수집, 200개 저장 (총 수집: 188,200개, 저장: 68,496개)
    최고: 2024-01-01T17:40:00

  ✅ 목표 날짜 도달: 2023-12-31T21:00:00

✅ 총 188,400개 캔들 수집, 68,696개 저장 완료

🔧 결측값 보간 시작...

🔧 minute5 결측값 보간 시작...
✓ 442개 결측값 보간 완료

⏰ 종료 시간: 2025-10-17 13:52:42
   소요 시간: 0:04:54.292010

============================================================
📊 최종 통계
============================================================

📈 데이터 통계:
------------------------------------------------------------

minute1:
  전체: 3,572,115개
  원본: 3,548,800개
  보간: 23,315개
  기간: 2018-12-31T20:47:00 ~ 2025-10-16T12:01:00

minute3:
  전체: 95,123개
  원본: 95,000개
  보간: 123개
  기간: 2025-04-01T07:54:00 ~ 2025-10-16T12:00:00

minute5:
  전체: 188,842개
  원본: 188,400개
  보간: 442개
  기간: 2023-12-31T21:00:00 ~ 2025-10-17T13:45:00

minute10:
  전체: 95,215개
  원본: 95,000개
  보간: 215개
  기간: 2023-12-25T07:00:00 ~ 2025-10-16T12:00:00

minute15:
  전체: 95,031개
  원본: 94,800개
  보간: 231개
  기간: 2023-01-30T14:30:00 ~ 2025-10-16T12:00:00

minute30:
  전체: 119,243개
  원본: 119,000개
  보간: 243개
  기간: 2018-12-28T07:00:00 ~ 2025-10-16T12:00:00

minute60:
  전체: 59,689개
  원본: 59,600개
  보간: 89개
  기간: 2018-12-25T12:00:00 ~ 2025-10-16T12:00:00

minute240:
  전체: 15,001개
  원본: 15,000개
  보간: 1개
  기간: 2018-12-12T09:00:00 ~ 2025-10-16T09:00:00

day:
  전체: 2,600개
  원본: 2,600개
  보간: 0개
  기간: 2018-09-04T09:00:00 ~ 2025-10-16T09:00:00

week:
  전체: 400개
  원본: 400개
  보간: 0개
  기간: 2018-02-19T09:00:00 ~ 2025-10-13T09:00:00

month:
  전체: 98개
  원본: 98개
  보간: 0개
  기간: 2017-09-01T09:00:00 ~ 2025-10-01T09:00:00

다음 단계:
   python automation/verify_all_timeframes.py  # 최종 검증

✓ 데이터베이스 연결 종료
