
============================================================
🚀 minute5 데이터 수집 (과거 데이터 포함)
============================================================

🎯 목표:
   - 수집 범위: 2024-01-01 ~ 현재
   - 예상: 약 90,000개 캔들

⏱️  예상 소요 시간:
   - 약 1~2시간
   - 200개씩 묶어서 수집
   - 약 450회 반복 (90,000 / 200)

💡 개선사항:
   - 중복 데이터 구간도 건너뛰지 않고 계속 진행
   - 목표 날짜까지 강제로 수집
   - 진행 상황 실시간 표시

⚠️  주의사항:
   - Ctrl+C로 언제든지 중단 가능
   - 진행된 데이터는 자동 저장됨
   - 재실행 시 이어서 수집됨

============================================================

✅ 자동 진행 모드
✓ 데이터베이스 초기화 완료: /Users/bongbong/SynologyDrive/vendor/sandbox/251015_봉봇/upbit_bitcoin.db

⏰ 시작 시간: 2025-10-17 13:57:56

============================================================
📊 minute5 데이터 수집 시작
   목표: 2024-01-01까지 수집
============================================================
  반복 1: 200개 수집, 2개 저장 (총 수집: 200개, 저장: 2개)
    최고: 2025-10-16T21:20:00
  반복 10: 200개 수집, 0개 저장 (총 수집: 2,000개, 저장: 2개)
    최고: 2025-10-10T15:20:00
  ⚠️  연속 10회 중복 - 계속 진행 중...
  반복 20: 200개 수집, 0개 저장 (총 수집: 4,000개, 저장: 2개)
    최고: 2025-10-03T16:40:00
  ⚠️  연속 10회 중복 - 계속 진행 중...
  반복 30: 200개 수집, 0개 저장 (총 수집: 6,000개, 저장: 2개)
    최고: 2025-09-26T18:00:00
  ⚠️  연속 10회 중복 - 계속 진행 중...
  반복 40: 200개 수집, 0개 저장 (총 수집: 8,000개, 저장: 2개)
    최고: 2025-09-19T19:20:00
  ⚠️  연속 10회 중복 - 계속 진행 중...
  반복 50: 200개 수집, 0개 저장 (총 수집: 10,000개, 저장: 2개)
    최고: 2025-09-12T20:40:00
  ⚠️  연속 10회 중복 - 계속 진행 중...
  반복 60: 200개 수집, 0개 저장 (총 수집: 12,000개, 저장: 2개)
    최고: 2025-09-05T22:00:00
  ⚠️  연속 10회 중복 - 계속 진행 중...
  반복 70: 200개 수집, 0개 저장 (총 수집: 14,000개, 저장: 2개)
    최고: 2025-08-29T23:20:00
  ⚠️  연속 10회 중복 - 계속 진행 중...
  반복 80: 200개 수집, 0개 저장 (총 수집: 16,000개, 저장: 2개)
    최고: 2025-08-23T00:40:00
  ⚠️  연속 10회 중복 - 계속 진행 중...
  반복 90: 200개 수집, 0개 저장 (총 수집: 18,000개, 저장: 2개)
    최고: 2025-08-16T02:00:00
  ⚠️  연속 10회 중복 - 계속 진행 중...
  반복 100: 200개 수집, 0개 저장 (총 수집: 20,000개, 저장: 2개)
    최고: 2025-08-09T03:20:00
  ⚠️  연속 10회 중복 - 계속 진행 중...
  반복 110: 200개 수집, 0개 저장 (총 수집: 22,000개, 저장: 2개)
    최고: 2025-08-02T04:40:00
  ⚠️  연속 10회 중복 - 계속 진행 중...
  반복 120: 200개 수집, 0개 저장 (총 수집: 24,000개, 저장: 2개)
    최고: 2025-07-26T05:45:00
  ⚠️  연속 10회 중복 - 계속 진행 중...
  반복 130: 200개 수집, 0개 저장 (총 수집: 26,000개, 저장: 2개)
    최고: 2025-07-19T07:05:00
  ⚠️  연속 10회 중복 - 계속 진행 중...
  반복 140: 200개 수집, 0개 저장 (총 수집: 28,000개, 저장: 2개)
    최고: 2025-07-12T08:25:00
  ⚠️  연속 10회 중복 - 계속 진행 중...
  반복 150: 200개 수집, 0개 저장 (총 수집: 30,000개, 저장: 2개)
    최고: 2025-07-05T09:45:00
  ⚠️  연속 10회 중복 - 계속 진행 중...
  반복 160: 200개 수집, 0개 저장 (총 수집: 32,000개, 저장: 2개)
    최고: 2025-06-28T05:15:00
  ⚠️  연속 10회 중복 - 계속 진행 중...
  반복 170: 200개 수집, 0개 저장 (총 수집: 34,000개, 저장: 2개)
    최고: 2025-06-21T06:35:00
  ⚠️  연속 10회 중복 - 계속 진행 중...
  반복 180: 200개 수집, 0개 저장 (총 수집: 36,000개, 저장: 2개)
    최고: 2025-06-14T07:55:00
  ⚠️  연속 10회 중복 - 계속 진행 중...
  반복 190: 200개 수집, 0개 저장 (총 수집: 38,000개, 저장: 2개)
    최고: 2025-06-07T09:15:00
  ⚠️  연속 10회 중복 - 계속 진행 중...
  반복 200: 200개 수집, 0개 저장 (총 수집: 40,000개, 저장: 2개)
    최고: 2025-05-31T10:35:00
  ⚠️  연속 10회 중복 - 계속 진행 중...
  반복 210: 200개 수집, 0개 저장 (총 수집: 42,000개, 저장: 2개)
    최고: 2025-05-24T11:55:00
  ⚠️  연속 10회 중복 - 계속 진행 중...
  반복 220: 200개 수집, 0개 저장 (총 수집: 44,000개, 저장: 2개)
    최고: 2025-05-17T13:15:00
  ⚠️  연속 10회 중복 - 계속 진행 중...
  반복 230: 200개 수집, 0개 저장 (총 수집: 46,000개, 저장: 2개)
    최고: 2025-05-10T14:35:00
  ⚠️  연속 10회 중복 - 계속 진행 중...
  반복 240: 200개 수집, 0개 저장 (총 수집: 48,000개, 저장: 2개)
    최고: 2025-05-03T15:55:00
  ⚠️  연속 10회 중복 - 계속 진행 중...
  반복 250: 200개 수집, 0개 저장 (총 수집: 50,000개, 저장: 2개)
    최고: 2025-04-26T17:15:00
  ⚠️  연속 10회 중복 - 계속 진행 중...
  반복 260: 200개 수집, 0개 저장 (총 수집: 52,000개, 저장: 2개)
    최고: 2025-04-19T18:35:00
  ⚠️  연속 10회 중복 - 계속 진행 중...
  반복 270: 200개 수집, 0개 저장 (총 수집: 54,000개, 저장: 2개)
    최고: 2025-04-12T19:55:00
  ⚠️  연속 10회 중복 - 계속 진행 중...
  반복 280: 200개 수집, 0개 저장 (총 수집: 56,000개, 저장: 2개)
    최고: 2025-04-05T21:15:00
  ⚠️  연속 10회 중복 - 계속 진행 중...
  반복 290: 200개 수집, 0개 저장 (총 수집: 58,000개, 저장: 2개)
    최고: 2025-03-29T17:10:00
  ⚠️  연속 10회 중복 - 계속 진행 중...
  반복 300: 200개 수집, 0개 저장 (총 수집: 60,000개, 저장: 2개)
    최고: 2025-03-22T18:30:00
  ⚠️  연속 10회 중복 - 계속 진행 중...
  반복 310: 200개 수집, 0개 저장 (총 수집: 62,000개, 저장: 2개)
    최고: 2025-03-15T19:50:00
  ⚠️  연속 10회 중복 - 계속 진행 중...
  반복 320: 200개 수집, 0개 저장 (총 수집: 64,000개, 저장: 2개)
    최고: 2025-03-08T21:10:00
  ⚠️  연속 10회 중복 - 계속 진행 중...
  반복 330: 200개 수집, 0개 저장 (총 수집: 66,000개, 저장: 2개)
    최고: 2025-03-01T22:30:00
  ⚠️  연속 10회 중복 - 계속 진행 중...
  반복 340: 200개 수집, 0개 저장 (총 수집: 68,000개, 저장: 2개)
    최고: 2025-02-22T23:50:00
  ⚠️  연속 10회 중복 - 계속 진행 중...
  반복 350: 200개 수집, 0개 저장 (총 수집: 70,000개, 저장: 2개)
    최고: 2025-02-16T01:10:00
  ⚠️  연속 10회 중복 - 계속 진행 중...
  반복 360: 200개 수집, 0개 저장 (총 수집: 72,000개, 저장: 2개)
    최고: 2025-02-09T02:30:00
  ⚠️  연속 10회 중복 - 계속 진행 중...
  반복 370: 200개 수집, 0개 저장 (총 수집: 74,000개, 저장: 2개)
    최고: 2025-02-02T03:50:00
  ⚠️  연속 10회 중복 - 계속 진행 중...
  반복 380: 200개 수집, 0개 저장 (총 수집: 76,000개, 저장: 2개)
    최고: 2025-01-26T05:10:00
  ⚠️  연속 10회 중복 - 계속 진행 중...
  반복 390: 200개 수집, 0개 저장 (총 수집: 78,000개, 저장: 2개)
    최고: 2025-01-19T06:30:00
  ⚠️  연속 10회 중복 - 계속 진행 중...
  반복 400: 200개 수집, 0개 저장 (총 수집: 80,000개, 저장: 2개)
    최고: 2025-01-12T07:50:00
  ⚠️  연속 10회 중복 - 계속 진행 중...
  반복 410: 200개 수집, 0개 저장 (총 수집: 82,000개, 저장: 2개)
    최고: 2025-01-05T09:10:00
  ⚠️  연속 10회 중복 - 계속 진행 중...
  반복 420: 200개 수집, 0개 저장 (총 수집: 84,000개, 저장: 2개)
    최고: 2024-12-29T04:10:00
  ⚠️  연속 10회 중복 - 계속 진행 중...
  반복 430: 200개 수집, 0개 저장 (총 수집: 86,000개, 저장: 2개)
    최고: 2024-12-22T05:30:00
  ⚠️  연속 10회 중복 - 계속 진행 중...
  반복 440: 200개 수집, 0개 저장 (총 수집: 88,000개, 저장: 2개)
    최고: 2024-12-15T06:50:00
  ⚠️  연속 10회 중복 - 계속 진행 중...
  반복 450: 200개 수집, 0개 저장 (총 수집: 90,000개, 저장: 2개)
    최고: 2024-12-08T08:10:00
  ⚠️  연속 10회 중복 - 계속 진행 중...
  반복 460: 200개 수집, 0개 저장 (총 수집: 92,000개, 저장: 2개)
    최고: 2024-12-01T09:30:00
  ⚠️  연속 10회 중복 - 계속 진행 중...
  반복 470: 200개 수집, 0개 저장 (총 수집: 94,000개, 저장: 2개)
    최고: 2024-11-24T10:50:00
  ⚠️  연속 10회 중복 - 계속 진행 중...
  반복 480: 200개 수집, 0개 저장 (총 수집: 96,000개, 저장: 2개)
    최고: 2024-11-17T12:10:00
  ⚠️  연속 10회 중복 - 계속 진행 중...
  반복 490: 200개 수집, 0개 저장 (총 수집: 98,000개, 저장: 2개)
    최고: 2024-11-10T13:30:00
  ⚠️  연속 10회 중복 - 계속 진행 중...
  반복 500: 200개 수집, 0개 저장 (총 수집: 100,000개, 저장: 2개)
    최고: 2024-11-03T14:50:00
  ⚠️  연속 10회 중복 - 계속 진행 중...
  반복 510: 200개 수집, 0개 저장 (총 수집: 102,000개, 저장: 2개)
    최고: 2024-10-27T16:10:00
  ⚠️  연속 10회 중복 - 계속 진행 중...
  반복 520: 200개 수집, 0개 저장 (총 수집: 104,000개, 저장: 2개)
    최고: 2024-10-20T17:30:00
  ⚠️  연속 10회 중복 - 계속 진행 중...
  반복 530: 200개 수집, 0개 저장 (총 수집: 106,000개, 저장: 2개)
    최고: 2024-10-13T13:20:00
  ⚠️  연속 10회 중복 - 계속 진행 중...
  반복 540: 200개 수집, 0개 저장 (총 수집: 108,000개, 저장: 2개)
    최고: 2024-10-06T14:40:00
  ⚠️  연속 10회 중복 - 계속 진행 중...
  반복 550: 200개 수집, 0개 저장 (총 수집: 110,000개, 저장: 2개)
    최고: 2024-09-29T16:00:00
  ⚠️  연속 10회 중복 - 계속 진행 중...
  반복 560: 200개 수집, 0개 저장 (총 수집: 112,000개, 저장: 2개)
    최고: 2024-09-22T17:20:00
  ⚠️  연속 10회 중복 - 계속 진행 중...
  반복 570: 200개 수집, 0개 저장 (총 수집: 114,000개, 저장: 2개)
    최고: 2024-09-15T18:40:00
  ⚠️  연속 10회 중복 - 계속 진행 중...
  반복 580: 200개 수집, 0개 저장 (총 수집: 116,000개, 저장: 2개)
    최고: 2024-09-08T20:00:00
  ⚠️  연속 10회 중복 - 계속 진행 중...
  반복 590: 200개 수집, 0개 저장 (총 수집: 118,000개, 저장: 2개)
    최고: 2024-09-01T21:20:00
  ⚠️  연속 10회 중복 - 계속 진행 중...
  반복 600: 200개 수집, 0개 저장 (총 수집: 120,000개, 저장: 2개)
    최고: 2024-08-25T22:40:00
  ⚠️  연속 10회 중복 - 계속 진행 중...
  반복 610: 200개 수집, 0개 저장 (총 수집: 122,000개, 저장: 2개)
    최고: 2024-08-19T00:00:00
  ⚠️  연속 10회 중복 - 계속 진행 중...
  반복 620: 200개 수집, 0개 저장 (총 수집: 124,000개, 저장: 2개)
    최고: 2024-08-12T01:20:00
  ⚠️  연속 10회 중복 - 계속 진행 중...
  반복 630: 200개 수집, 0개 저장 (총 수집: 126,000개, 저장: 2개)
    최고: 2024-08-05T02:40:00
  ⚠️  연속 10회 중복 - 계속 진행 중...
  반복 640: 200개 수집, 0개 저장 (총 수집: 128,000개, 저장: 2개)
    최고: 2024-07-29T04:00:00
  ⚠️  연속 10회 중복 - 계속 진행 중...
  반복 650: 200개 수집, 0개 저장 (총 수집: 130,000개, 저장: 2개)
    최고: 2024-07-22T05:20:00
  ⚠️  연속 10회 중복 - 계속 진행 중...
  반복 660: 200개 수집, 0개 저장 (총 수집: 132,000개, 저장: 2개)
    최고: 2024-07-15T06:40:00
  ⚠️  연속 10회 중복 - 계속 진행 중...
  반복 670: 200개 수집, 0개 저장 (총 수집: 134,000개, 저장: 2개)
    최고: 2024-07-08T08:00:00
  ⚠️  연속 10회 중복 - 계속 진행 중...
  반복 680: 200개 수집, 0개 저장 (총 수집: 136,000개, 저장: 2개)
    최고: 2024-07-01T09:20:00
  ⚠️  연속 10회 중복 - 계속 진행 중...
  반복 690: 200개 수집, 0개 저장 (총 수집: 138,000개, 저장: 2개)
    최고: 2024-06-24T06:30:00
  ⚠️  연속 10회 중복 - 계속 진행 중...
  반복 700: 200개 수집, 0개 저장 (총 수집: 140,000개, 저장: 2개)
    최고: 2024-06-17T07:50:00
  ⚠️  연속 10회 중복 - 계속 진행 중...
  반복 710: 200개 수집, 0개 저장 (총 수집: 142,000개, 저장: 2개)
    최고: 2024-06-10T09:10:00
  ⚠️  연속 10회 중복 - 계속 진행 중...
  반복 720: 200개 수집, 0개 저장 (총 수집: 144,000개, 저장: 2개)
    최고: 2024-06-03T10:30:00
  ⚠️  연속 10회 중복 - 계속 진행 중...
  반복 730: 200개 수집, 0개 저장 (총 수집: 146,000개, 저장: 2개)
    최고: 2024-05-27T11:50:00
  ⚠️  연속 10회 중복 - 계속 진행 중...
  반복 740: 200개 수집, 0개 저장 (총 수집: 148,000개, 저장: 2개)
    최고: 2024-05-20T13:10:00
  ⚠️  연속 10회 중복 - 계속 진행 중...
  반복 750: 200개 수집, 0개 저장 (총 수집: 150,000개, 저장: 2개)
    최고: 2024-05-13T14:30:00
  ⚠️  연속 10회 중복 - 계속 진행 중...
  반복 760: 200개 수집, 0개 저장 (총 수집: 152,000개, 저장: 2개)
    최고: 2024-05-06T15:50:00
  ⚠️  연속 10회 중복 - 계속 진행 중...
  반복 770: 200개 수집, 0개 저장 (총 수집: 154,000개, 저장: 2개)
    최고: 2024-04-29T17:10:00
  ⚠️  연속 10회 중복 - 계속 진행 중...
  반복 780: 200개 수집, 0개 저장 (총 수집: 156,000개, 저장: 2개)
    최고: 2024-04-22T18:30:00
  ⚠️  연속 10회 중복 - 계속 진행 중...
  반복 790: 200개 수집, 0개 저장 (총 수집: 158,000개, 저장: 2개)
    최고: 2024-04-15T19:50:00
  ⚠️  연속 10회 중복 - 계속 진행 중...
  반복 800: 200개 수집, 0개 저장 (총 수집: 160,000개, 저장: 2개)
    최고: 2024-04-08T21:10:00
  ⚠️  연속 10회 중복 - 계속 진행 중...
  반복 810: 200개 수집, 0개 저장 (총 수집: 162,000개, 저장: 2개)
    최고: 2024-04-01T22:30:00
  ⚠️  연속 10회 중복 - 계속 진행 중...
  반복 820: 200개 수집, 0개 저장 (총 수집: 164,000개, 저장: 2개)
    최고: 2024-03-25T19:15:00
  ⚠️  연속 10회 중복 - 계속 진행 중...
  반복 830: 200개 수집, 0개 저장 (총 수집: 166,000개, 저장: 2개)
    최고: 2024-03-18T20:35:00
  ⚠️  연속 10회 중복 - 계속 진행 중...
  반복 840: 200개 수집, 0개 저장 (총 수집: 168,000개, 저장: 2개)
    최고: 2024-03-11T21:55:00
  ⚠️  연속 10회 중복 - 계속 진행 중...
  반복 850: 200개 수집, 0개 저장 (총 수집: 170,000개, 저장: 2개)
    최고: 2024-03-04T23:15:00
  ⚠️  연속 10회 중복 - 계속 진행 중...
  반복 860: 200개 수집, 0개 저장 (총 수집: 172,000개, 저장: 2개)
    최고: 2024-02-27T00:35:00
  ⚠️  연속 10회 중복 - 계속 진행 중...
  반복 870: 200개 수집, 0개 저장 (총 수집: 174,000개, 저장: 2개)
    최고: 2024-02-20T01:55:00
  ⚠️  연속 10회 중복 - 계속 진행 중...
  반복 880: 200개 수집, 0개 저장 (총 수집: 176,000개, 저장: 2개)
    최고: 2024-02-13T03:15:00
  ⚠️  연속 10회 중복 - 계속 진행 중...
  반복 890: 200개 수집, 0개 저장 (총 수집: 178,000개, 저장: 2개)
    최고: 2024-02-06T04:35:00
  ⚠️  연속 10회 중복 - 계속 진행 중...
  반복 900: 200개 수집, 0개 저장 (총 수집: 180,000개, 저장: 2개)
    최고: 2024-01-30T05:55:00
  ⚠️  연속 10회 중복 - 계속 진행 중...
  반복 910: 200개 수집, 0개 저장 (총 수집: 182,000개, 저장: 2개)
    최고: 2024-01-23T06:30:00
  ⚠️  연속 10회 중복 - 계속 진행 중...
  반복 920: 200개 수집, 0개 저장 (총 수집: 184,000개, 저장: 2개)
    최고: 2024-01-16T07:50:00
  ⚠️  연속 10회 중복 - 계속 진행 중...
  반복 930: 200개 수집, 0개 저장 (총 수집: 186,000개, 저장: 2개)
    최고: 2024-01-09T09:10:00
  ⚠️  연속 10회 중복 - 계속 진행 중...
  반복 940: 200개 수집, 0개 저장 (총 수집: 188,000개, 저장: 2개)
    최고: 2024-01-02T10:30:00
  ⚠️  연속 10회 중복 - 계속 진행 중...

  ✅ 목표 날짜 도달: 2023-12-31T21:10:00

✅ 총 188,400개 캔들 수집, 2개 저장 완료

🔧 결측값 보간 시작...

🔧 minute5 결측값 보간 시작...
✓ 442개 결측값 보간 완료

⏰ 종료 시간: 2025-10-17 14:02:52
   소요 시간: 0:04:55.350393

============================================================
📊 최종 통계
============================================================

📈 데이터 통계:
------------------------------------------------------------

minute1:
  전체: 3,572,115개
  원본: 3,548,800개
  보간: 23,315개
  기간: 2018-12-31T20:47:00 ~ 2025-10-16T12:01:00

minute3:
  전체: 95,123개
  원본: 95,000개
  보간: 123개
  기간: 2025-04-01T07:54:00 ~ 2025-10-16T12:00:00

minute5:
  전체: 188,844개
  원본: 188,402개
  보간: 442개
  기간: 2023-12-31T21:00:00 ~ 2025-10-17T13:55:00

minute10:
  전체: 95,215개
  원본: 95,000개
  보간: 215개
  기간: 2023-12-25T07:00:00 ~ 2025-10-16T12:00:00

minute15:
  전체: 95,031개
  원본: 94,800개
  보간: 231개
  기간: 2023-01-30T14:30:00 ~ 2025-10-16T12:00:00

minute30:
  전체: 119,243개
  원본: 119,000개
  보간: 243개
  기간: 2018-12-28T07:00:00 ~ 2025-10-16T12:00:00

minute60:
  전체: 59,689개
  원본: 59,600개
  보간: 89개
  기간: 2018-12-25T12:00:00 ~ 2025-10-16T12:00:00

minute240:
  전체: 15,001개
  원본: 15,000개
  보간: 1개
  기간: 2018-12-12T09:00:00 ~ 2025-10-16T09:00:00

day:
  전체: 2,600개
  원본: 2,600개
  보간: 0개
  기간: 2018-09-04T09:00:00 ~ 2025-10-16T09:00:00

week:
  전체: 400개
  원본: 400개
  보간: 0개
  기간: 2018-02-19T09:00:00 ~ 2025-10-13T09:00:00

month:
  전체: 98개
  원본: 98개
  보간: 0개
  기간: 2017-09-01T09:00:00 ~ 2025-10-01T09:00:00

다음 단계:
   python automation/verify_all_timeframes.py  # 최종 검증

✓ 데이터베이스 연결 종료
