
============================================================
🚀 전체 타임프레임 데이터 검증 시작
============================================================
기간: 2024-01-01 ~ 2025-12-31

============================================================
🔍 minute5 검증 중...
============================================================
  실제 데이터 범위: 2023-12-31T21:00:00 ~ 2025-10-17T13:55:00
  검증 대상 기간: 2024-01-01 ~ 2025-12-31

  📊 통계:
    기대 캔들: 210,240개
    실제 캔들: 188,808개
    누락 캔들: 21,432개
    완전성: 89.81%

  ✅ 누락 구간 없음 (완전)

============================================================
🔍 minute15 검증 중...
============================================================
  실제 데이터 범위: 2023-01-30T14:30:00 ~ 2025-10-16T12:00:00
  검증 대상 기간: 2024-01-01 ~ 2025-12-31

  📊 통계:
    기대 캔들: 70,080개
    실제 캔들: 62,833개
    누락 캔들: 7,247개
    완전성: 89.66%

  ✅ 누락 구간 없음 (완전)

============================================================
🔍 minute30 검증 중...
============================================================
  실제 데이터 범위: 2018-12-28T07:00:00 ~ 2025-10-16T12:00:00
  검증 대상 기간: 2024-01-01 ~ 2025-12-31

  📊 통계:
    기대 캔들: 35,040개
    실제 캔들: 31,417개
    누락 캔들: 3,623개
    완전성: 89.66%

  ✅ 누락 구간 없음 (완전)

============================================================
🔍 minute60 검증 중...
============================================================
  실제 데이터 범위: 2018-12-25T12:00:00 ~ 2025-10-16T12:00:00
  검증 대상 기간: 2024-01-01 ~ 2025-12-31

  📊 통계:
    기대 캔들: 17,520개
    실제 캔들: 15,709개
    누락 캔들: 1,811개
    완전성: 89.66%

  ✅ 누락 구간 없음 (완전)

============================================================
🔍 minute240 검증 중...
============================================================
  실제 데이터 범위: 2018-12-12T09:00:00 ~ 2025-10-16T09:00:00
  검증 대상 기간: 2024-01-01 ~ 2025-12-31

  📊 통계:
    기대 캔들: 4,380개
    실제 캔들: 3,927개
    누락 캔들: 453개
    완전성: 89.66%

  ✅ 누락 구간 없음 (완전)

============================================================
🔍 day 검증 중...
============================================================
  실제 데이터 범위: 2018-09-04T09:00:00 ~ 2025-10-16T09:00:00
  검증 대상 기간: 2024-01-01 ~ 2025-12-31

  📊 통계:
    기대 캔들: 730개
    실제 캔들: 655개
    누락 캔들: 75개
    완전성: 89.73%

  ✅ 누락 구간 없음 (완전)

============================================================
📊 검증 요약
============================================================

완전한 타임프레임: 0/6
  ❌ minute5     :  89.81% (누락: 21,432개)
  ❌ minute15    :  89.66% (누락: 7,247개)
  ❌ minute30    :  89.66% (누락: 3,623개)
  ❌ minute60    :  89.66% (누락: 1,811개)
  ❌ minute240   :  89.66% (누락: 453개)
  ❌ day         :  89.73% (누락: 75개)

✅ 검증 리포트 저장: /Users/bongbong/SynologyDrive/vendor/sandbox/251015_봉봇/data_gap_report.json
   파일 크기: 3,031 bytes

============================================================
⚠️  6개 타임프레임에 누락 데이터가 있습니다.
   다음 단계: python automation/collect_missing_data.py
============================================================
