Traceback (most recent call last):
  File "/Users/bongbong/SynologyDrive/vendor/sandbox/251015_봉봇/strategies/v41_scalping_voting/phase0_reclassify.py", line 228, in main
    df = classifier.run(tf)
         ^^^^^^^^^^^^^^^^^^
  File "/Users/bongbong/SynologyDrive/vendor/sandbox/251015_봉봇/strategies/v41_scalping_voting/phase0_reclassify.py", line 200, in run
    df = self.reclassify_tiers(df)
         ^^^^^^^^^^^^^^^^^^^^^^^^^
  File "/Users/bongbong/SynologyDrive/vendor/sandbox/251015_봉봇/strategies/v41_scalping_voting/phase0_reclassify.py", line 170, in reclassify_tiers
    pct = count / len(df) * 100
          ~~~~~~^~~~~~~~~
ZeroDivisionError: division by zero
Traceback (most recent call last):
  File "/Users/bongbong/SynologyDrive/vendor/sandbox/251015_봉봇/strategies/v41_scalping_voting/phase0_reclassify.py", line 228, in main
    df = classifier.run(tf)
         ^^^^^^^^^^^^^^^^^^
  File "/Users/bongbong/SynologyDrive/vendor/sandbox/251015_봉봇/strategies/v41_scalping_voting/phase0_reclassify.py", line 200, in run
    df = self.reclassify_tiers(df)
         ^^^^^^^^^^^^^^^^^^^^^^^^^
  File "/Users/bongbong/SynologyDrive/vendor/sandbox/251015_봉봇/strategies/v41_scalping_voting/phase0_reclassify.py", line 170, in reclassify_tiers
    pct = count / len(df) * 100
          ~~~~~~^~~~~~~~~
ZeroDivisionError: division by zero

======================================================================
최적화된 점수 체계 재분류 시작
======================================================================


======================================================================
[minute5] 최적화된 점수 체계로 재분류 시작
======================================================================

[minute5] 기존 분석 결과 로드: analysis/advanced/signals_minute5_advanced.csv
  - 로드 완료: 42개 캔들
[minute5] 최적화된 점수 재계산 중...
  - 점수 재계산 완료
  - 평균: 58.50점
  - 최대: 73점
Tier 재분류 중...

  Tier 분포:
    S-Tier: 42개 (100.00%)
    A-Tier: 0개 (0.00%)
    B-Tier: 0개 (0.00%)
    C-Tier: 0개 (0.00%)

저장 완료: analysis/optimized/optimized_minute5.csv
S/A Tier 저장: analysis/optimized/optimized_minute5_SA.csv (42개)

======================================================================
[minute15] 최적화된 점수 체계로 재분류 시작
======================================================================

[minute15] 기존 분석 결과 로드: analysis/advanced/signals_minute15_advanced.csv
  - 로드 완료: 6개 캔들
[minute15] 최적화된 점수 재계산 중...
  - 점수 재계산 완료
  - 평균: 80.67점
  - 최대: 90점
Tier 재분류 중...

  Tier 분포:
    S-Tier: 6개 (100.00%)
    A-Tier: 0개 (0.00%)
    B-Tier: 0개 (0.00%)
    C-Tier: 0개 (0.00%)

저장 완료: analysis/optimized/optimized_minute15.csv
S/A Tier 저장: analysis/optimized/optimized_minute15_SA.csv (6개)

======================================================================
[minute60] 최적화된 점수 체계로 재분류 시작
======================================================================

[minute60] 기존 분석 결과 로드: analysis/advanced/signals_minute60_advanced.csv
  - 로드 완료: 3개 캔들
[minute60] 최적화된 점수 재계산 중...
  - 점수 재계산 완료
  - 평균: 89.33점
  - 최대: 92점
Tier 재분류 중...

  Tier 분포:
    S-Tier: 3개 (100.00%)
    A-Tier: 0개 (0.00%)
    B-Tier: 0개 (0.00%)
    C-Tier: 0개 (0.00%)

저장 완료: analysis/optimized/optimized_minute60.csv
S/A Tier 저장: analysis/optimized/optimized_minute60_SA.csv (3개)

======================================================================
[minute240] 최적화된 점수 체계로 재분류 시작
======================================================================

[minute240] 기존 분석 결과 로드: analysis/advanced/signals_minute240_advanced.csv
  - 로드 완료: 0개 캔들
[minute240] 최적화된 점수 재계산 중...
  - 점수 재계산 완료
  - 평균: nan점
  - 최대: nan점
Tier 재분류 중...

  Tier 분포:

[minute240] 오류: division by zero

======================================================================
[day] 최적화된 점수 체계로 재분류 시작
======================================================================

[day] 기존 분석 결과 로드: analysis/advanced/signals_day_advanced.csv
  - 로드 완료: 0개 캔들
[day] 최적화된 점수 재계산 중...
  - 점수 재계산 완료
  - 평균: nan점
  - 최대: nan점
Tier 재분류 중...

  Tier 분포:

[day] 오류: division by zero

======================================================================
재분류 완료!
======================================================================

타임프레임        S-Tier     A-Tier     평균 점수       
--------------------------------------------------
minute5      42         0          58.50       
minute15     6          0          80.67       
minute60     3          0          89.33       

소요 시간: 0:00:00.029139
======================================================================

