======================================================================
Phase 0 고도화: 7차원 다각도 시장 분석
======================================================================
분석 기간: 2020-01-01 ~ 2024-12-31
타임프레임: minute5, minute15, minute60, minute240, day
======================================================================


======================================================================
[minute5] 7차원 고급 분석 시작
======================================================================

[minute5] 데이터 로드 중...
[minute5] 로드 완료: 105,156 캔들
[minute5] 지표 계산 중...
[minute5] 지표 계산 완료: 104,957 캔들
[minute5] 7차원 분석 실행 중...
[minute5] 7차원 분석 완료

[minute5] Tier별 시그널 통계:
======================================================================
S-Tier: 0개 시그널 (점수 범위: nan~nan)
A-Tier: 42개 시그널 (점수 범위: 55~60)
B-Tier: 2,058개 시그널 (점수 범위: 40~53)
C-Tier: 102,857개 시그널 (점수 범위: 0~38)

저장 완료: analysis/advanced/signals_minute5_advanced.csv
  - 고품질 시그널 (S+A Tier): 42개

======================================================================
[minute15] 7차원 고급 분석 시작
======================================================================

[minute15] 데이터 로드 중...
[minute15] 로드 완료: 67,238 캔들
[minute15] 지표 계산 중...
[minute15] 지표 계산 완료: 67,039 캔들
[minute15] 7차원 분석 실행 중...
[minute15] 7차원 분석 완료

[minute15] Tier별 시그널 통계:
======================================================================
S-Tier: 0개 시그널 (점수 범위: nan~nan)
A-Tier: 6개 시그널 (점수 범위: 55~60)
B-Tier: 659개 시그널 (점수 범위: 40~53)
C-Tier: 66,374개 시그널 (점수 범위: 0~38)

저장 완료: analysis/advanced/signals_minute15_advanced.csv
  - 고품질 시그널 (S+A Tier): 6개

======================================================================
[minute60] 7차원 고급 분석 시작
======================================================================

[minute60] 데이터 로드 중...
[minute60] 로드 완료: 43,824 캔들
[minute60] 지표 계산 중...
[minute60] 지표 계산 완료: 43,625 캔들
[minute60] 7차원 분석 실행 중...
[minute60] 7차원 분석 완료

[minute60] Tier별 시그널 통계:
======================================================================
S-Tier: 0개 시그널 (점수 범위: nan~nan)
A-Tier: 3개 시그널 (점수 범위: 57~60)
B-Tier: 360개 시그널 (점수 범위: 40~53)
C-Tier: 43,262개 시그널 (점수 범위: 0~38)

저장 완료: analysis/advanced/signals_minute60_advanced.csv
  - 고품질 시그널 (S+A Tier): 3개

======================================================================
[minute240] 7차원 고급 분석 시작
======================================================================

[minute240] 데이터 로드 중...
[minute240] 로드 완료: 10,956 캔들
[minute240] 지표 계산 중...
[minute240] 지표 계산 완료: 10,757 캔들
[minute240] 7차원 분석 실행 중...
[minute240] 7차원 분석 완료

[minute240] Tier별 시그널 통계:
======================================================================
S-Tier: 0개 시그널 (점수 범위: nan~nan)
A-Tier: 0개 시그널 (점수 범위: nan~nan)
B-Tier: 64개 시그널 (점수 범위: 40~50)
C-Tier: 10,693개 시그널 (점수 범위: 0~38)

저장 완료: analysis/advanced/signals_minute240_advanced.csv
  - 고품질 시그널 (S+A Tier): 0개

======================================================================
[day] 7차원 고급 분석 시작
======================================================================

[day] 데이터 로드 중...
[day] 로드 완료: 1,826 캔들
[day] 지표 계산 중...
[day] 지표 계산 완료: 1,627 캔들
[day] 7차원 분석 실행 중...
[day] 7차원 분석 완료

[day] Tier별 시그널 통계:
======================================================================
S-Tier: 0개 시그널 (점수 범위: nan~nan)
A-Tier: 0개 시그널 (점수 범위: nan~nan)
B-Tier: 12개 시그널 (점수 범위: 40~53)
C-Tier: 1,615개 시그널 (점수 범위: 0~38)

저장 완료: analysis/advanced/signals_day_advanced.csv
  - 고품질 시그널 (S+A Tier): 0개

======================================================================
7차원 분석 완료!
======================================================================
소요 시간: 0:01:11.747797

Tier별 시그널 요약:
             S-Tier     A-Tier     B-Tier     C-Tier    
----------------------------------------------------------------------
minute5      0          42         2058       102857    
minute15     0          6          659        66374     
minute60     0          3          360        43262     
minute240    0          0          64         10693     
day          0          0          12         1615      

요약 저장: analysis/advanced/advanced_summary.json
======================================================================

