======================================================================
Phase 0: 브루트포스 전수 매매 기회 탐색
======================================================================
분석 기간: 2020-01-01 ~ 2024-12-31
타임프레임: minute5, minute15, minute60, minute240, day
보유 기간: 1일, 3일, 5일, 7일, 14일, 30일
======================================================================


======================================================================
[minute5] 브루트포스 분석 시작
======================================================================

[minute5] 데이터 로드 중...
[minute5] 로드 완료: 105,156 캔들
[minute5] 지표 계산 중...
[minute5] 지표 계산 완료: 105,123 캔들
[minute5] 미래 수익률 계산 중...
[minute5] 수익률 계산 완료: 105,093 캔들

[minute5] 보유 기간별 수익률 분석:
======================================================================

1일 보유:
  총 시나리오: 105,093개
  수익 시나리오: 87개 (0.08%)
  평균 수익률: 0.00%
  중앙 수익률: 0.00%
  Sharpe Ratio: 0.01
  평균 수익 (수익 시): 1.61%
  평균 손실 (손실 시): -0.00%
  평균 최대 낙폭: -0.05%

3일 보유:
  총 시나리오: 105,093개
  수익 시나리오: 465개 (0.44%)
  평균 수익률: 0.00%
  중앙 수익률: 0.00%
  Sharpe Ratio: 0.01
  평균 수익 (수익 시): 1.46%
  평균 손실 (손실 시): -0.00%
  평균 최대 낙폭: -0.11%

5일 보유:
  총 시나리오: 105,093개
  수익 시나리오: 1,020개 (0.97%)
  평균 수익률: 0.00%
  중앙 수익률: 0.00%
  Sharpe Ratio: 0.01
  평균 수익 (수익 시): 1.46%
  평균 손실 (손실 시): -0.01%
  평균 최대 낙폭: -0.16%

7일 보유:
  총 시나리오: 105,093개
  수익 시나리오: 1,607개 (1.53%)
  평균 수익률: 0.01%
  중앙 수익률: 0.00%
  Sharpe Ratio: 0.02
  평균 수익 (수익 시): 1.48%
  평균 손실 (손실 시): -0.02%
  평균 최대 낙폭: -0.20%

14일 보유:
  총 시나리오: 105,093개
  수익 시나리오: 3,500개 (3.33%)
  평균 수익률: 0.01%
  중앙 수익률: 0.01%
  Sharpe Ratio: 0.02
  평균 수익 (수익 시): 1.60%
  평균 손실 (손실 시): -0.04%
  평균 최대 낙폭: -0.31%

30일 보유:
  총 시나리오: 105,093개
  수익 시나리오: 7,075개 (6.73%)
  평균 수익률: 0.03%
  중앙 수익률: 0.02%
  Sharpe Ratio: 0.04
  평균 수익 (수익 시): 1.74%
  평균 손실 (손실 시): -0.10%
  평균 최대 낙폭: -0.47%

======================================================================
[minute5] 최적 보유 기간: 30d (Sharpe 0.04)
======================================================================

[minute5] 수익 케이스 특성 분석 (최적 보유 기간: 30d):
======================================================================

지표별 평균값 비교:
                     수익 케이스          손실 케이스          차이             
----------------------------------------------------------------------
rsi                  50.84           50.57           0.28           
volume_ratio         1.16            1.03            0.12           
bb_position          0.51            0.51            0.00           
macd                 -8993.33        6520.71         -15514.05      
ema_fast             92454322.63     92158128.82     296193.81      
ema_slow             92465052.86     92152318.46     312734.40      
adx                  25.10           23.38           1.72           
mfi                  50.30           49.20           1.11           

수익 케이스 저장: analysis/bruteforce/bruteforce_minute5_30d_profitable.csv
  - 총 7,075개 케이스

======================================================================
[minute15] 브루트포스 분석 시작
======================================================================

[minute15] 데이터 로드 중...
[minute15] 로드 완료: 67,238 캔들
[minute15] 지표 계산 중...
[minute15] 지표 계산 완료: 67,189 캔들
[minute15] 미래 수익률 계산 중...
[minute15] 수익률 계산 완료: 67,159 캔들

[minute15] 보유 기간별 수익률 분석:
======================================================================

1일 보유:
  총 시나리오: 67,159개
  수익 시나리오: 235개 (0.35%)
  평균 수익률: 0.00%
  중앙 수익률: 0.00%
  Sharpe Ratio: 0.01
  평균 수익 (수익 시): 1.45%
  평균 손실 (손실 시): -0.00%
  평균 최대 낙폭: -0.07%

3일 보유:
  총 시나리오: 67,159개
  수익 시나리오: 1,103개 (1.64%)
  평균 수익률: 0.01%
  중앙 수익률: 0.00%
  Sharpe Ratio: 0.02
  평균 수익 (수익 시): 1.53%
  평균 손실 (손실 시): -0.02%
  평균 최대 낙폭: -0.17%

5일 보유:
  총 시나리오: 67,159개
  수익 시나리오: 1,931개 (2.88%)
  평균 수익률: 0.01%
  중앙 수익률: 0.00%
  Sharpe Ratio: 0.03
  평균 수익 (수익 시): 1.60%
  평균 손실 (손실 시): -0.03%
  평균 최대 낙폭: -0.24%

7일 보유:
  총 시나리오: 67,159개
  수익 시나리오: 2,655개 (3.95%)
  평균 수익률: 0.02%
  중앙 수익률: 0.01%
  Sharpe Ratio: 0.03
  평균 수익 (수익 시): 1.67%
  평균 손실 (손실 시): -0.05%
  평균 최대 낙폭: -0.29%

14일 보유:
  총 시나리오: 67,159개
  수익 시나리오: 5,150개 (7.67%)
  평균 수익률: 0.04%
  중앙 수익률: 0.01%
  Sharpe Ratio: 0.04
  평균 수익 (수익 시): 1.81%
  평균 손실 (손실 시): -0.11%
  평균 최대 낙폭: -0.44%

30일 보유:
  총 시나리오: 67,159개
  수익 시나리오: 9,250개 (13.77%)
  평균 수익률: 0.08%
  중앙 수익률: 0.02%
  Sharpe Ratio: 0.06
  평균 수익 (수익 시): 2.09%
  평균 손실 (손실 시): -0.24%
  평균 최대 낙폭: -0.68%

======================================================================
[minute15] 최적 보유 기간: 30d (Sharpe 0.06)
======================================================================

[minute15] 수익 케이스 특성 분석 (최적 보유 기간: 30d):
======================================================================

지표별 평균값 비교:
                     수익 케이스          손실 케이스          차이             
----------------------------------------------------------------------
rsi                  52.12           50.31           1.81           
volume_ratio         1.11            1.05            0.05           
bb_position          0.53            0.51            0.03           
macd                 27852.93        8837.16         19015.77       
ema_fast             71256989.61     66253310.46     5003679.15     
ema_slow             71181518.47     66226358.08     4955160.40     
adx                  26.24           24.26           1.98           
mfi                  50.46           48.73           1.73           

수익 케이스 저장: analysis/bruteforce/bruteforce_minute15_30d_profitable.csv
  - 총 9,250개 케이스

======================================================================
[minute60] 브루트포스 분석 시작
======================================================================

[minute60] 데이터 로드 중...
[minute60] 로드 완료: 43,824 캔들
[minute60] 지표 계산 중...
[minute60] 지표 계산 완료: 43,791 캔들
[minute60] 미래 수익률 계산 중...
[minute60] 수익률 계산 완료: 43,761 캔들

[minute60] 보유 기간별 수익률 분석:
======================================================================

1일 보유:
  총 시나리오: 43,761개
  수익 시나리오: 1,706개 (3.90%)
  평균 수익률: 0.01%
  중앙 수익률: 0.00%
  Sharpe Ratio: 0.01
  평균 수익 (수익 시): 1.66%
  평균 손실 (손실 시): -0.06%
  평균 최대 낙폭: -0.18%

3일 보유:
  총 시나리오: 43,761개
  수익 시나리오: 4,325개 (9.88%)
  평균 수익률: 0.02%
  중앙 수익률: 0.01%
  Sharpe Ratio: 0.02
  평균 수익 (수익 시): 1.91%
  평균 손실 (손실 시): -0.18%
  평균 최대 낙폭: -0.42%

5일 보유:
  총 시나리오: 43,761개
  수익 시나리오: 6,158개 (14.07%)
  평균 수익률: 0.04%
  중앙 수익률: 0.02%
  Sharpe Ratio: 0.03
  평균 수익 (수익 시): 2.08%
  평균 손실 (손실 시): -0.29%
  평균 최대 낙폭: -0.59%

7일 보유:
  총 시나리오: 43,761개
  수익 시나리오: 7,506개 (17.15%)
  평균 수익률: 0.06%
  중앙 수익률: 0.02%
  Sharpe Ratio: 0.04
  평균 수익 (수익 시): 2.23%
  평균 손실 (손실 시): -0.39%
  평균 최대 낙폭: -0.73%

14일 보유:
  총 시나리오: 43,761개
  수익 시나리오: 10,640개 (24.31%)
  평균 수익률: 0.11%
  중앙 수익률: 0.05%
  Sharpe Ratio: 0.05
  평균 수익 (수익 시): 2.66%
  평균 손실 (손실 시): -0.70%
  평균 최대 낙폭: -1.11%

30일 보유:
  총 시나리오: 43,761개
  수익 시나리오: 14,348개 (32.79%)
  평균 수익률: 0.25%
  중앙 수익률: 0.11%
  Sharpe Ratio: 0.08
  평균 수익 (수익 시): 3.48%
  평균 손실 (손실 시): -1.33%
  평균 최대 낙폭: -1.76%

======================================================================
[minute60] 최적 보유 기간: 30d (Sharpe 0.08)
======================================================================

[minute60] 수익 케이스 특성 분석 (최적 보유 기간: 30d):
======================================================================

지표별 평균값 비교:
                     수익 케이스          손실 케이스          차이             
----------------------------------------------------------------------
rsi                  51.56           50.68           0.88           
volume_ratio         1.06            1.02            0.04           
bb_position          0.52            0.51            0.01           
macd                 26047.51        19178.43        6869.07        
ema_fast             47305729.80     47138786.75     166943.06      
ema_slow             47283216.80     47122460.35     160756.45      
adx                  27.65           26.58           1.07           
mfi                  50.75           49.27           1.48           

수익 케이스 저장: analysis/bruteforce/bruteforce_minute60_30d_profitable.csv
  - 총 14,348개 케이스

======================================================================
[minute240] 브루트포스 분석 시작
======================================================================

[minute240] 데이터 로드 중...
[minute240] 로드 완료: 10,956 캔들
[minute240] 지표 계산 중...
[minute240] 지표 계산 완료: 10,923 캔들
[minute240] 미래 수익률 계산 중...
[minute240] 수익률 계산 완료: 10,893 캔들

[minute240] 보유 기간별 수익률 분석:
======================================================================

1일 보유:
  총 시나리오: 10,893개
  수익 시나리오: 1,330개 (12.21%)
  평균 수익률: 0.03%
  중앙 수익률: 0.03%
  Sharpe Ratio: 0.03
  평균 수익 (수익 시): 1.99%
  평균 손실 (손실 시): -0.24%
  평균 최대 낙폭: -0.35%

3일 보유:
  총 시나리오: 10,893개
  수익 시나리오: 2,474개 (22.71%)
  평균 수익률: 0.10%
  중앙 수익률: 0.04%
  Sharpe Ratio: 0.05
  평균 수익 (수익 시): 2.52%
  평균 손실 (손실 시): -0.61%
  평균 최대 낙폭: -0.80%

5일 보유:
  총 시나리오: 10,893개
  수익 시나리오: 3,121개 (28.65%)
  평균 수익률: 0.17%
  중앙 수익률: 0.08%
  Sharpe Ratio: 0.06
  평균 수익 (수익 시): 2.98%
  평균 손실 (손실 시): -0.97%
  평균 최대 낙폭: -1.14%

7일 보유:
  총 시나리오: 10,893개
  수익 시나리오: 3,474개 (31.89%)
  평균 수익률: 0.23%
  중앙 수익률: 0.09%
  Sharpe Ratio: 0.07
  평균 수익 (수익 시): 3.40%
  평균 손실 (손실 시): -1.25%
  평균 최대 낙폭: -1.43%

14일 보유:
  총 시나리오: 10,893개
  수익 시나리오: 4,292개 (39.40%)
  평균 수익률: 0.46%
  중앙 수익률: 0.21%
  Sharpe Ratio: 0.10
  평균 수익 (수익 시): 4.47%
  평균 손실 (손실 시): -2.14%
  평균 최대 낙폭: -2.23%

30일 보유:
  총 시나리오: 10,893개
  수익 시나리오: 4,973개 (45.65%)
  평균 수익률: 1.01%
  중앙 수익률: 0.47%
  Sharpe Ratio: 0.14
  평균 수익 (수익 시): 6.51%
  평균 손실 (손실 시): -3.61%
  평균 최대 낙폭: -3.53%

======================================================================
[minute240] 최적 보유 기간: 30d (Sharpe 0.14)
======================================================================

[minute240] 수익 케이스 특성 분석 (최적 보유 기간: 30d):
======================================================================

지표별 평균값 비교:
                     수익 케이스          손실 케이스          차이             
----------------------------------------------------------------------
rsi                  53.15           51.22           1.92           
volume_ratio         1.03            1.02            0.01           
bb_position          0.54            0.51            0.03           
macd                 135561.92       48535.43        87026.49       
ema_fast             46055574.18     47882756.83     -1827182.66    
ema_slow             45935940.67     47844543.34     -1908602.66    
adx                  29.42           28.57           0.85           
mfi                  51.79           49.97           1.82           

수익 케이스 저장: analysis/bruteforce/bruteforce_minute240_30d_profitable.csv
  - 총 4,973개 케이스

======================================================================
[day] 브루트포스 분석 시작
======================================================================

[day] 데이터 로드 중...
[day] 로드 완료: 1,826 캔들
[day] 지표 계산 중...
[day] 지표 계산 완료: 1,793 캔들
[day] 미래 수익률 계산 중...
[day] 수익률 계산 완료: 1,763 캔들

[day] 보유 기간별 수익률 분석:
======================================================================

1일 보유:
  총 시나리오: 1,763개
  수익 시나리오: 541개 (30.69%)
  평균 수익률: 0.19%
  중앙 수익률: 0.05%
  Sharpe Ratio: 0.06
  평균 수익 (수익 시): 3.13%
  평균 손실 (손실 시): -1.12%
  평균 최대 낙폭: -0.86%

3일 보유:
  총 시나리오: 1,763개
  수익 시나리오: 729개 (41.35%)
  평균 수익률: 0.57%
  중앙 수익률: 0.18%
  Sharpe Ratio: 0.11
  평균 수익 (수익 시): 5.03%
  평균 손실 (손실 시): -2.58%
  평균 최대 낙폭: -2.04%

5일 보유:
  총 시나리오: 1,763개
  수익 시나리오: 801개 (45.43%)
  평균 수익률: 0.96%
  중앙 수익률: 0.45%
  Sharpe Ratio: 0.14
  평균 수익 (수익 시): 6.49%
  평균 손실 (손실 시): -3.64%
  평균 최대 낙폭: -2.91%

7일 보유:
  총 시나리오: 1,763개
  수익 시나리오: 824개 (46.74%)
  평균 수익률: 1.37%
  중앙 수익률: 0.50%
  Sharpe Ratio: 0.16
  평균 수익 (수익 시): 7.95%
  평균 손실 (손실 시): -4.40%
  평균 최대 낙폭: -3.60%

14일 보유:
  총 시나리오: 1,763개
  수익 시나리오: 894개 (50.71%)
  평균 수익률: 2.83%
  중앙 수익률: 1.09%
  Sharpe Ratio: 0.21
  평균 수익 (수익 시): 12.18%
  평균 손실 (손실 시): -6.79%
  평균 최대 낙폭: -5.50%

30일 보유:
  총 시나리오: 1,763개
  수익 시나리오: 973개 (55.19%)
  평균 수익률: 6.46%
  중앙 수익률: 3.20%
  Sharpe Ratio: 0.30
  평균 수익 (수익 시): 20.72%
  평균 손실 (손실 시): -11.11%
  평균 최대 낙폭: -8.52%

======================================================================
[day] 최적 보유 기간: 30d (Sharpe 0.30)
======================================================================

[day] 수익 케이스 특성 분석 (최적 보유 기간: 30d):
======================================================================

지표별 평균값 비교:
                     수익 케이스          손실 케이스          차이             
----------------------------------------------------------------------
rsi                  55.71           51.47           4.24           
volume_ratio         1.04            1.00            0.04           
bb_position          0.58            0.50            0.08           
macd                 647432.72       172383.47       475049.26      
ema_fast             43845246.77     48944969.01     -5099722.23    
ema_slow             43223972.14     48846404.29     -5622432.15    
adx                  32.58           31.65           0.93           
mfi                  55.41           48.00           7.41           

수익 케이스 저장: analysis/bruteforce/bruteforce_day_30d_profitable.csv
  - 총 973개 케이스

======================================================================
브루트포스 분석 완료!
======================================================================
소요 시간: 0:01:20.677814

타임프레임별 최적 보유 기간:
  minute5   : 30d (Sharpe 0.04, 승률 6.73%)
  minute15  : 30d (Sharpe 0.06, 승률 13.77%)
  minute60  : 30d (Sharpe 0.08, 승률 32.79%)
  minute240 : 30d (Sharpe 0.14, 승률 45.65%)
  day       : 30d (Sharpe 0.30, 승률 55.19%)

요약 저장: analysis/bruteforce/bruteforce_summary.json
======================================================================

