======================================================================
Phase 0: 완벽한 매매 시그널 생성
======================================================================
타임프레임: day
연도: 2020, 2021, 2022, 2023, 2024
보유 기간: 1일, 3일, 5일, 7일, 14일, 30일
======================================================================


======================================================================
[day] 2020년 완벽한 시그널 생성
======================================================================

[day] 데이터 로드 중 (2020-01-01 ~ 2020-12-31)...
[day] 로드 완료: 365 캔들
[day] 지표 계산 중...
[day] 지표 계산 완료: 332 캔들
  미래 수익률 계산 중 (보유 기간: [1, 3, 5, 7, 14, 30]일)...
  최적 보유 기간 선택 중...
  최적 기간 선택:   0%|          | 0/331 [00:00<?, ?it/s]  최적 기간 선택:  50%|█████     | 166/331 [00:00<00:00, 1652.97it/s]  최적 기간 선택: 100%|██████████| 331/331 [00:00<00:00, 1947.75it/s]
  완벽한 시그널 추출 (최소 수익률: 1.00%)...
  ✅ 279개 완벽한 시그널 추출

[day] 2020년 통계:
======================================================================
  총 캔들: 331개
  완벽한 시그널: 279개 (84.29%)
  평균 수익률: 18.76%
  중앙 수익률: 18.98%
  최대 수익률: 55.25%
  평균 보유 기간: 20.0일
  평균 최대 낙폭: -1.76%

  보유 기간 분포:
     1일:    15개 ( 5.38%)
     3일:    22개 ( 7.89%)
     5일:    20개 ( 7.17%)
     7일:    25개 ( 8.96%)
    14일:    43개 (15.41%)
    30일:   154개 (55.20%)

  💾 저장: analysis/perfect_signals/day_2020_perfect.csv

======================================================================
[day] 2021년 완벽한 시그널 생성
======================================================================

[day] 데이터 로드 중 (2021-01-01 ~ 2021-12-31)...
[day] 로드 완료: 364 캔들
[day] 지표 계산 중...
[day] 지표 계산 완료: 331 캔들
  미래 수익률 계산 중 (보유 기간: [1, 3, 5, 7, 14, 30]일)...
  최적 보유 기간 선택 중...
  최적 기간 선택:   0%|          | 0/330 [00:00<?, ?it/s]  최적 기간 선택:  78%|███████▊  | 259/330 [00:00<00:00, 2589.51it/s]  최적 기간 선택: 100%|██████████| 330/330 [00:00<00:00, 2604.86it/s]
  완벽한 시그널 추출 (최소 수익률: 1.00%)...
  ✅ 254개 완벽한 시그널 추출

[day] 2021년 통계:
======================================================================
  총 캔들: 330개
  완벽한 시그널: 254개 (76.97%)
  평균 수익률: 17.45%
  중앙 수익률: 13.80%
  최대 수익률: 57.45%
  평균 보유 기간: 17.9일
  평균 최대 낙폭: -3.31%

  보유 기간 분포:
     1일:    19개 ( 7.48%)
     3일:    23개 ( 9.06%)
     5일:    20개 ( 7.87%)
     7일:    25개 ( 9.84%)
    14일:    52개 (20.47%)
    30일:   115개 (45.28%)

  💾 저장: analysis/perfect_signals/day_2021_perfect.csv

======================================================================
[day] 2022년 완벽한 시그널 생성
======================================================================

[day] 데이터 로드 중 (2022-01-01 ~ 2022-12-31)...
[day] 로드 완료: 364 캔들
[day] 지표 계산 중...
[day] 지표 계산 완료: 331 캔들
  미래 수익률 계산 중 (보유 기간: [1, 3, 5, 7, 14, 30]일)...
  최적 보유 기간 선택 중...
  최적 기간 선택:   0%|          | 0/330 [00:00<?, ?it/s]  최적 기간 선택:  84%|████████▍ | 278/330 [00:00<00:00, 2778.08it/s]  최적 기간 선택: 100%|██████████| 330/330 [00:00<00:00, 2801.21it/s]
  완벽한 시그널 추출 (최소 수익률: 1.00%)...
  ✅ 226개 완벽한 시그널 추출

[day] 2022년 통계:
======================================================================
  총 캔들: 330개
  완벽한 시그널: 226개 (68.48%)
  평균 수익률: 6.75%
  중앙 수익률: 4.49%
  최대 수익률: 23.51%
  평균 보유 기간: 13.6일
  평균 최대 낙폭: -1.87%

  보유 기간 분포:
     1일:    28개 (12.39%)
     3일:    30개 (13.27%)
     5일:    27개 (11.95%)
     7일:    29개 (12.83%)
    14일:    47개 (20.80%)
    30일:    65개 (28.76%)

  💾 저장: analysis/perfect_signals/day_2022_perfect.csv

======================================================================
[day] 2023년 완벽한 시그널 생성
======================================================================

[day] 데이터 로드 중 (2023-01-01 ~ 2023-12-31)...
[day] 로드 완료: 364 캔들
[day] 지표 계산 중...
[day] 지표 계산 완료: 331 캔들
  미래 수익률 계산 중 (보유 기간: [1, 3, 5, 7, 14, 30]일)...
  최적 보유 기간 선택 중...
  최적 기간 선택:   0%|          | 0/330 [00:00<?, ?it/s]  최적 기간 선택:  95%|█████████▌| 314/330 [00:00<00:00, 3135.58it/s]  최적 기간 선택: 100%|██████████| 330/330 [00:00<00:00, 3126.98it/s]
  완벽한 시그널 추출 (최소 수익률: 1.00%)...
  ✅ 251개 완벽한 시그널 추출

[day] 2023년 통계:
======================================================================
  총 캔들: 330개
  완벽한 시그널: 251개 (76.06%)
  평균 수익률: 12.96%
  중앙 수익률: 10.71%
  최대 수익률: 40.55%
  평균 보유 기간: 20.4일
  평균 최대 낙폭: -2.53%

  보유 기간 분포:
     1일:    12개 ( 4.78%)
     3일:    15개 ( 5.98%)
     5일:    15개 ( 5.98%)
     7일:    24개 ( 9.56%)
    14일:    45개 (17.93%)
    30일:   140개 (55.78%)

  💾 저장: analysis/perfect_signals/day_2023_perfect.csv

======================================================================
[day] 2024년 완벽한 시그널 생성
======================================================================

[day] 데이터 로드 중 (2024-01-01 ~ 2024-12-31)...
[day] 로드 완료: 365 캔들
[day] 지표 계산 중...
[day] 지표 계산 완료: 332 캔들
  미래 수익률 계산 중 (보유 기간: [1, 3, 5, 7, 14, 30]일)...
  최적 보유 기간 선택 중...
  최적 기간 선택:   0%|          | 0/331 [00:00<?, ?it/s]  최적 기간 선택:  92%|█████████▏| 306/331 [00:00<00:00, 3058.72it/s]  최적 기간 선택: 100%|██████████| 331/331 [00:00<00:00, 3057.65it/s]
  완벽한 시그널 추출 (최소 수익률: 1.00%)...
  ✅ 266개 완벽한 시그널 추출

[day] 2024년 통계:
======================================================================
  총 캔들: 331개
  완벽한 시그널: 266개 (80.36%)
  평균 수익률: 15.37%
  중앙 수익률: 9.70%
  최대 수익률: 61.15%
  평균 보유 기간: 19.7일
  평균 최대 낙폭: -2.12%

  보유 기간 분포:
     1일:    15개 ( 5.64%)
     3일:    18개 ( 6.77%)
     5일:    21개 ( 7.89%)
     7일:    22개 ( 8.27%)
    14일:    49개 (18.42%)
    30일:   141개 (53.01%)

  💾 저장: analysis/perfect_signals/day_2024_perfect.csv

======================================================================
통합 요약 생성 중...
======================================================================

📊 통합 요약:
  총 완벽한 시그널: 1,276개
  평균 수익률: 14.52%
  최고 타임프레임: day
  최고 연도: 2020

  💾 저장: analysis/perfect_signals/summary_all_timeframes.json

======================================================================
완벽한 시그널 생성 완료!
======================================================================
소요 시간: 0:00:01.420531
총 시그널 파일: 5개
======================================================================

