Requirement already satisfied: numpy<2 in /Users/bongbong/SynologyDrive/vendor/sandbox/251015_봉봇/venv/lib/python3.12/site-packages (1.26.4)
================================================================================
Data Preparation
================================================================================

데이터 로드: 2018-09-04 ~ 2023-12-31
  1944개 캔들 로드
지표 추가...
  1911개 캔들 (NaN 제거 후)

데이터 로드: 2024-01-01 ~ 2024-12-30
  364개 캔들 로드
지표 추가...
  331개 캔들 (NaN 제거 후)

데이터 로드: 2025-01-01 ~ 2025-10-17
  289개 캔들 로드
지표 추가...
  256개 캔들 (NaN 제거 후)

================================================================================
PPO Balanced Agent Training
================================================================================

[1/3] 환경 생성...
  Train Env: 1911 캔들
  Eval Env: 331 캔들

[2/3] PPO 모델 생성...
Using cpu device
  Policy: MlpPolicy
  Learning Rate: 0.0003
  Gamma: 0.99
  n_steps: 2048
  batch_size: 64
  n_epochs: 10
  clip_range: 0.2

[3/3] 학습 시작...
  Total Timesteps: 100,000
  Estimated Time: ~50 minutes
Logging to ./logs/ppo_balanced/PPO_2
---------------------------------
| rollout/           |          |
|    ep_len_mean     | 1.88e+03 |
|    ep_rew_mean     | -441     |
| time/              |          |
|    fps             | 5671     |
|    iterations      | 1        |
|    time_elapsed    | 0        |
|    total_timesteps | 2048     |
---------------------------------
------------------------------------------
| rollout/                |              |
|    ep_len_mean          | 1.88e+03     |
|    ep_rew_mean          | -594         |
| time/                   |              |
|    fps                  | 3857         |
|    iterations           | 2            |
|    time_elapsed         | 1            |
|    total_timesteps      | 4096         |
| train/                  |              |
|    approx_kl            | 0.0035818494 |
|    clip_fraction        | 0.0233       |
|    clip_range           | 0.2          |
|    entropy_loss         | -1.42        |
|    explained_variance   | 0.00987      |
|    learning_rate        | 0.0003       |
|    loss                 | 3.6          |
|    n_updates            | 10           |
|    policy_gradient_loss | -0.00287     |
|    std                  | 0.993        |
|    value_loss           | 10.9         |
------------------------------------------
------------------------------------------
| rollout/                |              |
|    ep_len_mean          | 1.88e+03     |
|    ep_rew_mean          | -558         |
| time/                   |              |
|    fps                  | 3658         |
|    iterations           | 3            |
|    time_elapsed         | 1            |
|    total_timesteps      | 6144         |
| train/                  |              |
|    approx_kl            | 0.0046888622 |
|    clip_fraction        | 0.00645      |
|    clip_range           | 0.2          |
|    entropy_loss         | -1.4         |
|    explained_variance   | 0.232        |
|    learning_rate        | 0.0003       |
|    loss                 | 5.23         |
|    n_updates            | 20           |
|    policy_gradient_loss | -0.00102     |
|    std                  | 0.976        |
|    value_loss           | 14.1         |
------------------------------------------
------------------------------------------
| rollout/                |              |
|    ep_len_mean          | 1.88e+03     |
|    ep_rew_mean          | -532         |
| time/                   |              |
|    fps                  | 3388         |
|    iterations           | 4            |
|    time_elapsed         | 2            |
|    total_timesteps      | 8192         |
| train/                  |              |
|    approx_kl            | 0.0029191552 |
|    clip_fraction        | 0.0128       |
|    clip_range           | 0.2          |
|    entropy_loss         | -1.39        |
|    explained_variance   | 0.491        |
|    learning_rate        | 0.0003       |
|    loss                 | 2.81         |
|    n_updates            | 30           |
|    policy_gradient_loss | -0.000744    |
|    std                  | 0.978        |
|    value_loss           | 8.99         |
------------------------------------------
------------------------------------------
| rollout/                |              |
|    ep_len_mean          | 1.88e+03     |
|    ep_rew_mean          | -545         |
| time/                   |              |
|    fps                  | 3309         |
|    iterations           | 5            |
|    time_elapsed         | 3            |
|    total_timesteps      | 10240        |
| train/                  |              |
|    approx_kl            | 0.0022046065 |
|    clip_fraction        | 0.00308      |
|    clip_range           | 0.2          |
|    entropy_loss         | -1.4         |
|    explained_variance   | 0.551        |
|    learning_rate        | 0.0003       |
|    loss                 | 2.31         |
|    n_updates            | 40           |
|    policy_gradient_loss | -0.000474    |
|    std                  | 0.982        |
|    value_loss           | 6.69         |
------------------------------------------
------------------------------------------
| rollout/                |              |
|    ep_len_mean          | 1.88e+03     |
|    ep_rew_mean          | -532         |
| time/                   |              |
|    fps                  | 3236         |
|    iterations           | 6            |
|    time_elapsed         | 3            |
|    total_timesteps      | 12288        |
| train/                  |              |
|    approx_kl            | 0.0019953903 |
|    clip_fraction        | 0.00879      |
|    clip_range           | 0.2          |
|    entropy_loss         | -1.4         |
|    explained_variance   | 0.609        |
|    learning_rate        | 0.0003       |
|    loss                 | 7.38         |
|    n_updates            | 50           |
|    policy_gradient_loss | -0.00063     |
|    std                  | 0.974        |
|    value_loss           | 10.6         |
------------------------------------------
------------------------------------------
| rollout/                |              |
|    ep_len_mean          | 1.88e+03     |
|    ep_rew_mean          | -505         |
| time/                   |              |
|    fps                  | 3212         |
|    iterations           | 7            |
|    time_elapsed         | 4            |
|    total_timesteps      | 14336        |
| train/                  |              |
|    approx_kl            | 0.0034549064 |
|    clip_fraction        | 0.015        |
|    clip_range           | 0.2          |
|    entropy_loss         | -1.39        |
|    explained_variance   | 0.769        |
|    learning_rate        | 0.0003       |
|    loss                 | 3.01         |
|    n_updates            | 60           |
|    policy_gradient_loss | -0.00238     |
|    std                  | 0.972        |
|    value_loss           | 7.19         |
------------------------------------------
------------------------------------------
| rollout/                |              |
|    ep_len_mean          | 1.88e+03     |
|    ep_rew_mean          | -491         |
| time/                   |              |
|    fps                  | 3215         |
|    iterations           | 8            |
|    time_elapsed         | 5            |
|    total_timesteps      | 16384        |
| train/                  |              |
|    approx_kl            | 0.0045662946 |
|    clip_fraction        | 0.0313       |
|    clip_range           | 0.2          |
|    entropy_loss         | -1.39        |
|    explained_variance   | 0.8          |
|    learning_rate        | 0.0003       |
|    loss                 | 2.34         |
|    n_updates            | 70           |
|    policy_gradient_loss | -0.00211     |
|    std                  | 0.965        |
|    value_loss           | 4.87         |
------------------------------------------
----------------------------------------
| rollout/                |            |
|    ep_len_mean          | 1.88e+03   |
|    ep_rew_mean          | -505       |
| time/                   |            |
|    fps                  | 3208       |
|    iterations           | 9          |
|    time_elapsed         | 5          |
|    total_timesteps      | 18432      |
| train/                  |            |
|    approx_kl            | 0.00513783 |
|    clip_fraction        | 0.0312     |
|    clip_range           | 0.2        |
|    entropy_loss         | -1.38      |
|    explained_variance   | 0.816      |
|    learning_rate        | 0.0003     |
|    loss                 | 3.26       |
|    n_updates            | 80         |
|    policy_gradient_loss | -0.00307   |
|    std                  | 0.955      |
|    value_loss           | 7.4        |
----------------------------------------
Eval num_timesteps=20000, episode_reward=0.00 +/- 0.00
Episode length: 300.00 +/- 0.00
------------------------------------------
| eval/                   |              |
|    mean_ep_length       | 300          |
|    mean_reward          | 0            |
| time/                   |              |
|    total_timesteps      | 20000        |
| train/                  |              |
|    approx_kl            | 0.0012521491 |
|    clip_fraction        | 0.00195      |
|    clip_range           | 0.2          |
|    entropy_loss         | -1.37        |
|    explained_variance   | 0.855        |
|    learning_rate        | 0.0003       |
|    loss                 | 4.56         |
|    n_updates            | 90           |
|    policy_gradient_loss | -0.00057     |
|    std                  | 0.957        |
|    value_loss           | 8.24         |
------------------------------------------
New best mean reward!
---------------------------------
| rollout/           |          |
|    ep_len_mean     | 1.88e+03 |
|    ep_rew_mean     | -514     |
| time/              |          |
|    fps             | 3104     |
|    iterations      | 10       |
|    time_elapsed    | 6        |
|    total_timesteps | 20480    |
---------------------------------
------------------------------------------
| rollout/                |              |
|    ep_len_mean          | 1.88e+03     |
|    ep_rew_mean          | -492         |
| time/                   |              |
|    fps                  | 3125         |
|    iterations           | 11           |
|    time_elapsed         | 7            |
|    total_timesteps      | 22528        |
| train/                  |              |
|    approx_kl            | 0.0029167186 |
|    clip_fraction        | 0.00791      |
|    clip_range           | 0.2          |
|    entropy_loss         | -1.37        |
|    explained_variance   | 0.874        |
|    learning_rate        | 0.0003       |
|    loss                 | 3.12         |
|    n_updates            | 100          |
|    policy_gradient_loss | -0.0015      |
|    std                  | 0.945        |
|    value_loss           | 7.8          |
------------------------------------------
------------------------------------------
| rollout/                |              |
|    ep_len_mean          | 1.88e+03     |
|    ep_rew_mean          | -498         |
| time/                   |              |
|    fps                  | 3136         |
|    iterations           | 12           |
|    time_elapsed         | 7            |
|    total_timesteps      | 24576        |
| train/                  |              |
|    approx_kl            | 0.0039102114 |
|    clip_fraction        | 0.0222       |
|    clip_range           | 0.2          |
|    entropy_loss         | -1.36        |
|    explained_variance   | 0.842        |
|    learning_rate        | 0.0003       |
|    loss                 | 4            |
|    n_updates            | 110          |
|    policy_gradient_loss | -0.00326     |
|    std                  | 0.94         |
|    value_loss           | 11.2         |
------------------------------------------
------------------------------------------
| rollout/                |              |
|    ep_len_mean          | 1.88e+03     |
|    ep_rew_mean          | -503         |
| time/                   |              |
|    fps                  | 3139         |
|    iterations           | 13           |
|    time_elapsed         | 8            |
|    total_timesteps      | 26624        |
| train/                  |              |
|    approx_kl            | 0.0052233534 |
|    clip_fraction        | 0.0231       |
|    clip_range           | 0.2          |
|    entropy_loss         | -1.36        |
|    explained_variance   | 0.863        |
|    learning_rate        | 0.0003       |
|    loss                 | 6.46         |
|    n_updates            | 120          |
|    policy_gradient_loss | -0.00221     |
|    std                  | 0.943        |
|    value_loss           | 11.7         |
------------------------------------------
------------------------------------------
| rollout/                |              |
|    ep_len_mean          | 1.88e+03     |
|    ep_rew_mean          | -514         |
| time/                   |              |
|    fps                  | 3137         |
|    iterations           | 14           |
|    time_elapsed         | 9            |
|    total_timesteps      | 28672        |
| train/                  |              |
|    approx_kl            | 0.0022746427 |
|    clip_fraction        | 0.00786      |
|    clip_range           | 0.2          |
|    entropy_loss         | -1.36        |
|    explained_variance   | 0.904        |
|    learning_rate        | 0.0003       |
|    loss                 | 3.75         |
|    n_updates            | 130          |
|    policy_gradient_loss | -0.000348    |
|    std                  | 0.935        |
|    value_loss           | 11.4         |
------------------------------------------
-----------------------------------------
| rollout/                |             |
|    ep_len_mean          | 1.88e+03    |
|    ep_rew_mean          | -503        |
| time/                   |             |
|    fps                  | 3148        |
|    iterations           | 15          |
|    time_elapsed         | 9           |
|    total_timesteps      | 30720       |
| train/                  |             |
|    approx_kl            | 0.005377046 |
|    clip_fraction        | 0.0414      |
|    clip_range           | 0.2         |
|    entropy_loss         | -1.35       |
|    explained_variance   | 0.862       |
|    learning_rate        | 0.0003      |
|    loss                 | 3.96        |
|    n_updates            | 140         |
|    policy_gradient_loss | -0.00404    |
|    std                  | 0.923       |
|    value_loss           | 9.69        |
-----------------------------------------
------------------------------------------
| rollout/                |              |
|    ep_len_mean          | 1.88e+03     |
|    ep_rew_mean          | -504         |
| time/                   |              |
|    fps                  | 3160         |
|    iterations           | 16           |
|    time_elapsed         | 10           |
|    total_timesteps      | 32768        |
| train/                  |              |
|    approx_kl            | 0.0028069592 |
|    clip_fraction        | 0.0314       |
|    clip_range           | 0.2          |
|    entropy_loss         | -1.33        |
|    explained_variance   | 0.855        |
|    learning_rate        | 0.0003       |
|    loss                 | 3.83         |
|    n_updates            | 150          |
|    policy_gradient_loss | -0.00292     |
|    std                  | 0.909        |
|    value_loss           | 9.69         |
------------------------------------------
------------------------------------------
| rollout/                |              |
|    ep_len_mean          | 1.88e+03     |
|    ep_rew_mean          | -500         |
| time/                   |              |
|    fps                  | 3169         |
|    iterations           | 17           |
|    time_elapsed         | 10           |
|    total_timesteps      | 34816        |
| train/                  |              |
|    approx_kl            | 0.0030756798 |
|    clip_fraction        | 0.0106       |
|    clip_range           | 0.2          |
|    entropy_loss         | -1.32        |
|    explained_variance   | 0.851        |
|    learning_rate        | 0.0003       |
|    loss                 | 5.12         |
|    n_updates            | 160          |
|    policy_gradient_loss | -0.000855    |
|    std                  | 0.904        |
|    value_loss           | 10.7         |
------------------------------------------
------------------------------------------
| rollout/                |              |
|    ep_len_mean          | 1.88e+03     |
|    ep_rew_mean          | -505         |
| time/                   |              |
|    fps                  | 3176         |
|    iterations           | 18           |
|    time_elapsed         | 11           |
|    total_timesteps      | 36864        |
| train/                  |              |
|    approx_kl            | 0.0047704186 |
|    clip_fraction        | 0.0367       |
|    clip_range           | 0.2          |
|    entropy_loss         | -1.31        |
|    explained_variance   | 0.851        |
|    learning_rate        | 0.0003       |
|    loss                 | 7.53         |
|    n_updates            | 170          |
|    policy_gradient_loss | -0.00453     |
|    std                  | 0.899        |
|    value_loss           | 12.3         |
------------------------------------------
-----------------------------------------
| rollout/                |             |
|    ep_len_mean          | 1.88e+03    |
|    ep_rew_mean          | -517        |
| time/                   |             |
|    fps                  | 3183        |
|    iterations           | 19          |
|    time_elapsed         | 12          |
|    total_timesteps      | 38912       |
| train/                  |             |
|    approx_kl            | 0.002651925 |
|    clip_fraction        | 0.0152      |
|    clip_range           | 0.2         |
|    entropy_loss         | -1.31       |
|    explained_variance   | 0.835       |
|    learning_rate        | 0.0003      |
|    loss                 | 5.36        |
|    n_updates            | 180         |
|    policy_gradient_loss | -0.00155    |
|    std                  | 0.893       |
|    value_loss           | 13.7        |
-----------------------------------------
Eval num_timesteps=40000, episode_reward=0.00 +/- 0.00
Episode length: 300.00 +/- 0.00
------------------------------------------
| eval/                   |              |
|    mean_ep_length       | 300          |
|    mean_reward          | 0            |
| time/                   |              |
|    total_timesteps      | 40000        |
| train/                  |              |
|    approx_kl            | 0.0015422888 |
|    clip_fraction        | 0.00488      |
|    clip_range           | 0.2          |
|    entropy_loss         | -1.31        |
|    explained_variance   | 0.853        |
|    learning_rate        | 0.0003       |
|    loss                 | 5.46         |
|    n_updates            | 190          |
|    policy_gradient_loss | -0.000232    |
|    std                  | 0.894        |
|    value_loss           | 13.6         |
------------------------------------------
---------------------------------
| rollout/           |          |
|    ep_len_mean     | 1.88e+03 |
|    ep_rew_mean     | -512     |
| time/              |          |
|    fps             | 3132     |
|    iterations      | 20       |
|    time_elapsed    | 13       |
|    total_timesteps | 40960    |
---------------------------------
------------------------------------------
| rollout/                |              |
|    ep_len_mean          | 1.88e+03     |
|    ep_rew_mean          | -510         |
| time/                   |              |
|    fps                  | 3131         |
|    iterations           | 21           |
|    time_elapsed         | 13           |
|    total_timesteps      | 43008        |
| train/                  |              |
|    approx_kl            | 0.0050375513 |
|    clip_fraction        | 0.0323       |
|    clip_range           | 0.2          |
|    entropy_loss         | -1.3         |
|    explained_variance   | 0.917        |
|    learning_rate        | 0.0003       |
|    loss                 | 4.91         |
|    n_updates            | 200          |
|    policy_gradient_loss | -0.00336     |
|    std                  | 0.88         |
|    value_loss           | 11.5         |
------------------------------------------
------------------------------------------
| rollout/                |              |
|    ep_len_mean          | 1.88e+03     |
|    ep_rew_mean          | -509         |
| time/                   |              |
|    fps                  | 3140         |
|    iterations           | 22           |
|    time_elapsed         | 14           |
|    total_timesteps      | 45056        |
| train/                  |              |
|    approx_kl            | 0.0016166789 |
|    clip_fraction        | 0.00928      |
|    clip_range           | 0.2          |
|    entropy_loss         | -1.29        |
|    explained_variance   | 0.911        |
|    learning_rate        | 0.0003       |
|    loss                 | 3.44         |
|    n_updates            | 210          |
|    policy_gradient_loss | -0.000609    |
|    std                  | 0.885        |
|    value_loss           | 10.2         |
------------------------------------------
-----------------------------------------
| rollout/                |             |
|    ep_len_mean          | 1.88e+03    |
|    ep_rew_mean          | -492        |
| time/                   |             |
|    fps                  | 3146        |
|    iterations           | 23          |
|    time_elapsed         | 14          |
|    total_timesteps      | 47104       |
| train/                  |             |
|    approx_kl            | 0.004475209 |
|    clip_fraction        | 0.0506      |
|    clip_range           | 0.2         |
|    entropy_loss         | -1.29       |
|    explained_variance   | 0.905       |
|    learning_rate        | 0.0003      |
|    loss                 | 3.98        |
|    n_updates            | 220         |
|    policy_gradient_loss | -0.00486    |
|    std                  | 0.872       |
|    value_loss           | 10.5        |
-----------------------------------------
------------------------------------------
| rollout/                |              |
|    ep_len_mean          | 1.88e+03     |
|    ep_rew_mean          | -485         |
| time/                   |              |
|    fps                  | 3157         |
|    iterations           | 24           |
|    time_elapsed         | 15           |
|    total_timesteps      | 49152        |
| train/                  |              |
|    approx_kl            | 0.0051781335 |
|    clip_fraction        | 0.0284       |
|    clip_range           | 0.2          |
|    entropy_loss         | -1.27        |
|    explained_variance   | 0.886        |
|    learning_rate        | 0.0003       |
|    loss                 | 3.62         |
|    n_updates            | 230          |
|    policy_gradient_loss | -0.00295     |
|    std                  | 0.849        |
|    value_loss           | 10.3         |
------------------------------------------
------------------------------------------
| rollout/                |              |
|    ep_len_mean          | 1.88e+03     |
|    ep_rew_mean          | -495         |
| time/                   |              |
|    fps                  | 3163         |
|    iterations           | 25           |
|    time_elapsed         | 16           |
|    total_timesteps      | 51200        |
| train/                  |              |
|    approx_kl            | 0.0034053107 |
|    clip_fraction        | 0.0237       |
|    clip_range           | 0.2          |
|    entropy_loss         | -1.25        |
|    explained_variance   | 0.846        |
|    learning_rate        | 0.0003       |
|    loss                 | 6.16         |
|    n_updates            | 240          |
|    policy_gradient_loss | -0.00197     |
|    std                  | 0.841        |
|    value_loss           | 11.4         |
------------------------------------------
----------------------------------------
| rollout/                |            |
|    ep_len_mean          | 1.88e+03   |
|    ep_rew_mean          | -487       |
| time/                   |            |
|    fps                  | 3173       |
|    iterations           | 26         |
|    time_elapsed         | 16         |
|    total_timesteps      | 53248      |
| train/                  |            |
|    approx_kl            | 0.00409166 |
|    clip_fraction        | 0.0175     |
|    clip_range           | 0.2        |
|    entropy_loss         | -1.25      |
|    explained_variance   | 0.891      |
|    learning_rate        | 0.0003     |
|    loss                 | 2.34       |
|    n_updates            | 250        |
|    policy_gradient_loss | -0.00111   |
|    std                  | 0.846      |
|    value_loss           | 8.95       |
----------------------------------------
------------------------------------------
| rollout/                |              |
|    ep_len_mean          | 1.88e+03     |
|    ep_rew_mean          | -488         |
| time/                   |              |
|    fps                  | 3180         |
|    iterations           | 27           |
|    time_elapsed         | 17           |
|    total_timesteps      | 55296        |
| train/                  |              |
|    approx_kl            | 0.0027603926 |
|    clip_fraction        | 0.0155       |
|    clip_range           | 0.2          |
|    entropy_loss         | -1.24        |
|    explained_variance   | 0.77         |
|    learning_rate        | 0.0003       |
|    loss                 | 3.13         |
|    n_updates            | 260          |
|    policy_gradient_loss | -0.000739    |
|    std                  | 0.836        |
|    value_loss           | 9.58         |
------------------------------------------
-----------------------------------------
| rollout/                |             |
|    ep_len_mean          | 1.88e+03    |
|    ep_rew_mean          | -490        |
| time/                   |             |
|    fps                  | 3190        |
|    iterations           | 28          |
|    time_elapsed         | 17          |
|    total_timesteps      | 57344       |
| train/                  |             |
|    approx_kl            | 0.003694656 |
|    clip_fraction        | 0.0162      |
|    clip_range           | 0.2         |
|    entropy_loss         | -1.23       |
|    explained_variance   | 0.834       |
|    learning_rate        | 0.0003      |
|    loss                 | 5.55        |
|    n_updates            | 270         |
|    policy_gradient_loss | -0.000424   |
|    std                  | 0.817       |
|    value_loss           | 9.76        |
-----------------------------------------
------------------------------------------
| rollout/                |              |
|    ep_len_mean          | 1.88e+03     |
|    ep_rew_mean          | -482         |
| time/                   |              |
|    fps                  | 3192         |
|    iterations           | 29           |
|    time_elapsed         | 18           |
|    total_timesteps      | 59392        |
| train/                  |              |
|    approx_kl            | 0.0038285516 |
|    clip_fraction        | 0.038        |
|    clip_range           | 0.2          |
|    entropy_loss         | -1.21        |
|    explained_variance   | 0.824        |
|    learning_rate        | 0.0003       |
|    loss                 | 8.06         |
|    n_updates            | 280          |
|    policy_gradient_loss | -0.00247     |
|    std                  | 0.811        |
|    value_loss           | 9.91         |
------------------------------------------
Eval num_timesteps=60000, episode_reward=0.00 +/- 0.00
Episode length: 300.00 +/- 0.00
------------------------------------------
| eval/                   |              |
|    mean_ep_length       | 300          |
|    mean_reward          | 0            |
| time/                   |              |
|    total_timesteps      | 60000        |
| train/                  |              |
|    approx_kl            | 0.0025460916 |
|    clip_fraction        | 0.0142       |
|    clip_range           | 0.2          |
|    entropy_loss         | -1.2         |
|    explained_variance   | 0.84         |
|    learning_rate        | 0.0003       |
|    loss                 | 2.52         |
|    n_updates            | 290          |
|    policy_gradient_loss | -0.00187     |
|    std                  | 0.8          |
|    value_loss           | 7.66         |
------------------------------------------
---------------------------------
| rollout/           |          |
|    ep_len_mean     | 1.88e+03 |
|    ep_rew_mean     | -480     |
| time/              |          |
|    fps             | 3161     |
|    iterations      | 30       |
|    time_elapsed    | 19       |
|    total_timesteps | 61440    |
---------------------------------
------------------------------------------
| rollout/                |              |
|    ep_len_mean          | 1.88e+03     |
|    ep_rew_mean          | -474         |
| time/                   |              |
|    fps                  | 3168         |
|    iterations           | 31           |
|    time_elapsed         | 20           |
|    total_timesteps      | 63488        |
| train/                  |              |
|    approx_kl            | 0.0030374522 |
|    clip_fraction        | 0.011        |
|    clip_range           | 0.2          |
|    entropy_loss         | -1.19        |
|    explained_variance   | 0.782        |
|    learning_rate        | 0.0003       |
|    loss                 | 4.66         |
|    n_updates            | 300          |
|    policy_gradient_loss | -0.00241     |
|    std                  | 0.795        |
|    value_loss           | 12.6         |
------------------------------------------
-----------------------------------------
| rollout/                |             |
|    ep_len_mean          | 1.88e+03    |
|    ep_rew_mean          | -478        |
| time/                   |             |
|    fps                  | 3173        |
|    iterations           | 32          |
|    time_elapsed         | 20          |
|    total_timesteps      | 65536       |
| train/                  |             |
|    approx_kl            | 0.002712344 |
|    clip_fraction        | 0.0129      |
|    clip_range           | 0.2         |
|    entropy_loss         | -1.18       |
|    explained_variance   | 0.828       |
|    learning_rate        | 0.0003      |
|    loss                 | 6.89        |
|    n_updates            | 310         |
|    policy_gradient_loss | -0.00106    |
|    std                  | 0.784       |
|    value_loss           | 10.9        |
-----------------------------------------
------------------------------------------
| rollout/                |              |
|    ep_len_mean          | 1.88e+03     |
|    ep_rew_mean          | -480         |
| time/                   |              |
|    fps                  | 3174         |
|    iterations           | 33           |
|    time_elapsed         | 21           |
|    total_timesteps      | 67584        |
| train/                  |              |
|    approx_kl            | 0.0010125404 |
|    clip_fraction        | 0.00522      |
|    clip_range           | 0.2          |
|    entropy_loss         | -1.18        |
|    explained_variance   | 0.867        |
|    learning_rate        | 0.0003       |
|    loss                 | 3.59         |
|    n_updates            | 320          |
|    policy_gradient_loss | -3.26e-05    |
|    std                  | 0.787        |
|    value_loss           | 7.31         |
------------------------------------------
------------------------------------------
| rollout/                |              |
|    ep_len_mean          | 1.88e+03     |
|    ep_rew_mean          | -483         |
| time/                   |              |
|    fps                  | 3181         |
|    iterations           | 34           |
|    time_elapsed         | 21           |
|    total_timesteps      | 69632        |
| train/                  |              |
|    approx_kl            | 0.0019470963 |
|    clip_fraction        | 0.00522      |
|    clip_range           | 0.2          |
|    entropy_loss         | -1.18        |
|    explained_variance   | 0.875        |
|    learning_rate        | 0.0003       |
|    loss                 | 3.57         |
|    n_updates            | 330          |
|    policy_gradient_loss | -0.000687    |
|    std                  | 0.784        |
|    value_loss           | 8.47         |
------------------------------------------
-----------------------------------------
| rollout/                |             |
|    ep_len_mean          | 1.88e+03    |
|    ep_rew_mean          | -484        |
| time/                   |             |
|    fps                  | 3174        |
|    iterations           | 35          |
|    time_elapsed         | 22          |
|    total_timesteps      | 71680       |
| train/                  |             |
|    approx_kl            | 0.003982021 |
|    clip_fraction        | 0.0251      |
|    clip_range           | 0.2         |
|    entropy_loss         | -1.17       |
|    explained_variance   | 0.864       |
|    learning_rate        | 0.0003      |
|    loss                 | 7.91        |
|    n_updates            | 340         |
|    policy_gradient_loss | -0.00279    |
|    std                  | 0.774       |
|    value_loss           | 11.7        |
-----------------------------------------
-----------------------------------------
| rollout/                |             |
|    ep_len_mean          | 1.88e+03    |
|    ep_rew_mean          | -480        |
| time/                   |             |
|    fps                  | 3189        |
|    iterations           | 36          |
|    time_elapsed         | 23          |
|    total_timesteps      | 73728       |
| train/                  |             |
|    approx_kl            | 0.002517142 |
|    clip_fraction        | 0.0152      |
|    clip_range           | 0.2         |
|    entropy_loss         | -1.17       |
|    explained_variance   | 0.91        |
|    learning_rate        | 0.0003      |
|    loss                 | 3.9         |
|    n_updates            | 350         |
|    policy_gradient_loss | -0.00131    |
|    std                  | 0.78        |
|    value_loss           | 9.29        |
-----------------------------------------
-----------------------------------------
| rollout/                |             |
|    ep_len_mean          | 1.88e+03    |
|    ep_rew_mean          | -483        |
| time/                   |             |
|    fps                  | 3198        |
|    iterations           | 37          |
|    time_elapsed         | 23          |
|    total_timesteps      | 75776       |
| train/                  |             |
|    approx_kl            | 0.003504769 |
|    clip_fraction        | 0.0216      |
|    clip_range           | 0.2         |
|    entropy_loss         | -1.16       |
|    explained_variance   | 0.919       |
|    learning_rate        | 0.0003      |
|    loss                 | 2.78        |
|    n_updates            | 360         |
|    policy_gradient_loss | -0.00231    |
|    std                  | 0.767       |
|    value_loss           | 9.42        |
-----------------------------------------
-----------------------------------------
| rollout/                |             |
|    ep_len_mean          | 1.88e+03    |
|    ep_rew_mean          | -480        |
| time/                   |             |
|    fps                  | 3209        |
|    iterations           | 38          |
|    time_elapsed         | 24          |
|    total_timesteps      | 77824       |
| train/                  |             |
|    approx_kl            | 0.002649001 |
|    clip_fraction        | 0.0102      |
|    clip_range           | 0.2         |
|    entropy_loss         | -1.15       |
|    explained_variance   | 0.904       |
|    learning_rate        | 0.0003      |
|    loss                 | 3.66        |
|    n_updates            | 370         |
|    policy_gradient_loss | -0.00106    |
|    std                  | 0.766       |
|    value_loss           | 10.6        |
-----------------------------------------
-----------------------------------------
| rollout/                |             |
|    ep_len_mean          | 1.88e+03    |
|    ep_rew_mean          | -480        |
| time/                   |             |
|    fps                  | 3221        |
|    iterations           | 39          |
|    time_elapsed         | 24          |
|    total_timesteps      | 79872       |
| train/                  |             |
|    approx_kl            | 0.006231745 |
|    clip_fraction        | 0.0574      |
|    clip_range           | 0.2         |
|    entropy_loss         | -1.15       |
|    explained_variance   | 0.883       |
|    learning_rate        | 0.0003      |
|    loss                 | 4.85        |
|    n_updates            | 380         |
|    policy_gradient_loss | -0.00348    |
|    std                  | 0.761       |
|    value_loss           | 11.1        |
-----------------------------------------
Eval num_timesteps=80000, episode_reward=0.00 +/- 0.00
Episode length: 300.00 +/- 0.00
------------------------------------------
| eval/                   |              |
|    mean_ep_length       | 300          |
|    mean_reward          | 0            |
| time/                   |              |
|    total_timesteps      | 80000        |
| train/                  |              |
|    approx_kl            | 0.0040657567 |
|    clip_fraction        | 0.0437       |
|    clip_range           | 0.2          |
|    entropy_loss         | -1.14        |
|    explained_variance   | 0.916        |
|    learning_rate        | 0.0003       |
|    loss                 | 4.54         |
|    n_updates            | 390          |
|    policy_gradient_loss | -0.0038      |
|    std                  | 0.749        |
|    value_loss           | 9.41         |
------------------------------------------
---------------------------------
| rollout/           |          |
|    ep_len_mean     | 1.88e+03 |
|    ep_rew_mean     | -476     |
| time/              |          |
|    fps             | 3206     |
|    iterations      | 40       |
|    time_elapsed    | 25       |
|    total_timesteps | 81920    |
---------------------------------
-----------------------------------------
| rollout/                |             |
|    ep_len_mean          | 1.88e+03    |
|    ep_rew_mean          | -474        |
| time/                   |             |
|    fps                  | 3206        |
|    iterations           | 41          |
|    time_elapsed         | 26          |
|    total_timesteps      | 83968       |
| train/                  |             |
|    approx_kl            | 0.002834143 |
|    clip_fraction        | 0.02        |
|    clip_range           | 0.2         |
|    entropy_loss         | -1.14       |
|    explained_variance   | 0.904       |
|    learning_rate        | 0.0003      |
|    loss                 | 5.1         |
|    n_updates            | 400         |
|    policy_gradient_loss | -0.00128    |
|    std                  | 0.755       |
|    value_loss           | 8.85        |
-----------------------------------------
------------------------------------------
| rollout/                |              |
|    ep_len_mean          | 1.88e+03     |
|    ep_rew_mean          | -473         |
| time/                   |              |
|    fps                  | 3217         |
|    iterations           | 42           |
|    time_elapsed         | 26           |
|    total_timesteps      | 86016        |
| train/                  |              |
|    approx_kl            | 0.0035512624 |
|    clip_fraction        | 0.0205       |
|    clip_range           | 0.2          |
|    entropy_loss         | -1.13        |
|    explained_variance   | 0.876        |
|    learning_rate        | 0.0003       |
|    loss                 | 7.23         |
|    n_updates            | 410          |
|    policy_gradient_loss | -0.00168     |
|    std                  | 0.747        |
|    value_loss           | 12.2         |
------------------------------------------
-----------------------------------------
| rollout/                |             |
|    ep_len_mean          | 1.88e+03    |
|    ep_rew_mean          | -473        |
| time/                   |             |
|    fps                  | 3228        |
|    iterations           | 43          |
|    time_elapsed         | 27          |
|    total_timesteps      | 88064       |
| train/                  |             |
|    approx_kl            | 0.002704536 |
|    clip_fraction        | 0.0222      |
|    clip_range           | 0.2         |
|    entropy_loss         | -1.13       |
|    explained_variance   | 0.909       |
|    learning_rate        | 0.0003      |
|    loss                 | 6.03        |
|    n_updates            | 420         |
|    policy_gradient_loss | -0.00116    |
|    std                  | 0.745       |
|    value_loss           | 11.4        |
-----------------------------------------
------------------------------------------
| rollout/                |              |
|    ep_len_mean          | 1.88e+03     |
|    ep_rew_mean          | -474         |
| time/                   |              |
|    fps                  | 3240         |
|    iterations           | 44           |
|    time_elapsed         | 27           |
|    total_timesteps      | 90112        |
| train/                  |              |
|    approx_kl            | 0.0029826341 |
|    clip_fraction        | 0.0214       |
|    clip_range           | 0.2          |
|    entropy_loss         | -1.11        |
|    explained_variance   | 0.925        |
|    learning_rate        | 0.0003       |
|    loss                 | 2.62         |
|    n_updates            | 430          |
|    policy_gradient_loss | -0.0017      |
|    std                  | 0.73         |
|    value_loss           | 9.62         |
------------------------------------------
------------------------------------------
| rollout/                |              |
|    ep_len_mean          | 1.88e+03     |
|    ep_rew_mean          | -472         |
| time/                   |              |
|    fps                  | 3250         |
|    iterations           | 45           |
|    time_elapsed         | 28           |
|    total_timesteps      | 92160        |
| train/                  |              |
|    approx_kl            | 0.0023619707 |
|    clip_fraction        | 0.0142       |
|    clip_range           | 0.2          |
|    entropy_loss         | -1.09        |
|    explained_variance   | 0.873        |
|    learning_rate        | 0.0003       |
|    loss                 | 5.99         |
|    n_updates            | 440          |
|    policy_gradient_loss | -0.000866    |
|    std                  | 0.717        |
|    value_loss           | 9.9          |
------------------------------------------
------------------------------------------
| rollout/                |              |
|    ep_len_mean          | 1.88e+03     |
|    ep_rew_mean          | -473         |
| time/                   |              |
|    fps                  | 3226         |
|    iterations           | 46           |
|    time_elapsed         | 29           |
|    total_timesteps      | 94208        |
| train/                  |              |
|    approx_kl            | 0.0009259175 |
|    clip_fraction        | 0.0147       |
|    clip_range           | 0.2          |
|    entropy_loss         | -1.08        |
|    explained_variance   | 0.832        |
|    learning_rate        | 0.0003       |
|    loss                 | 4.16         |
|    n_updates            | 450          |
|    policy_gradient_loss | 1.52e-05     |
|    std                  | 0.711        |
|    value_loss           | 8.6          |
------------------------------------------
------------------------------------------
| rollout/                |              |
|    ep_len_mean          | 1.88e+03     |
|    ep_rew_mean          | -470         |
| time/                   |              |
|    fps                  | 3224         |
|    iterations           | 47           |
|    time_elapsed         | 29           |
|    total_timesteps      | 96256        |
| train/                  |              |
|    approx_kl            | 0.0027861581 |
|    clip_fraction        | 0.0396       |
|    clip_range           | 0.2          |
|    entropy_loss         | -1.08        |
|    explained_variance   | 0.874        |
|    learning_rate        | 0.0003       |
|    loss                 | 2.9          |
|    n_updates            | 460          |
|    policy_gradient_loss | -0.00297     |
|    std                  | 0.714        |
|    value_loss           | 8.73         |
------------------------------------------
------------------------------------------
| rollout/                |              |
|    ep_len_mean          | 1.88e+03     |
|    ep_rew_mean          | -468         |
| time/                   |              |
|    fps                  | 3222         |
|    iterations           | 48           |
|    time_elapsed         | 30           |
|    total_timesteps      | 98304        |
| train/                  |              |
|    approx_kl            | 0.0019117083 |
|    clip_fraction        | 0.0122       |
|    clip_range           | 0.2          |
|    entropy_loss         | -1.08        |
|    explained_variance   | 0.859        |
|    learning_rate        | 0.0003       |
|    loss                 | 4.02         |
|    n_updates            | 470          |
|    policy_gradient_loss | 0.000262     |
|    std                  | 0.715        |
|    value_loss           | 9.4          |
------------------------------------------
Eval num_timesteps=100000, episode_reward=0.00 +/- 0.00
Episode length: 300.00 +/- 0.00
------------------------------------------
| eval/                   |              |
|    mean_ep_length       | 300          |
|    mean_reward          | 0            |
| time/                   |              |
|    total_timesteps      | 100000       |
| train/                  |              |
|    approx_kl            | 0.0040449807 |
|    clip_fraction        | 0.0232       |
|    clip_range           | 0.2          |
|    entropy_loss         | -1.09        |
|    explained_variance   | 0.888        |
|    learning_rate        | 0.0003       |
|    loss                 | 6.14         |
|    n_updates            | 480          |
|    policy_gradient_loss | -0.00228     |
|    std                  | 0.718        |
|    value_loss           | 8.74         |
------------------------------------------
---------------------------------
| rollout/           |          |
|    ep_len_mean     | 1.88e+03 |
|    ep_rew_mean     | -467     |
| time/              |          |
|    fps             | 3180     |
|    iterations      | 49       |
|    time_elapsed    | 31       |
|    total_timesteps | 100352   |
---------------------------------
 100% ━━━━━━━━━━━━━━━━━━━━━━ 100,352/100,000  [ 0:00:31 < 0:00:00 , 3,177 it/s ]

================================================================================
✅ 학습 완료
  모델 저장: ./models/ppo_balanced/ppo_final.zip
================================================================================

================================================================================
Train Set Evaluation (2018-2023)
================================================================================

초기 자본: 10,000,000원
최종 자본: 10,000,000원
수익률: +0.00%
총 Reward: +0.00
총 거래: 0회
승률: 0.0%

Action 분포:
  Buy: 0회 (0.0%)
  Sell: 1880회 (100.0%)
  Hold: 0회 (0.0%)
================================================================================

================================================================================
Validation Set Evaluation (2024)
================================================================================

초기 자본: 10,000,000원
최종 자본: 10,000,000원
수익률: +0.00%
총 Reward: +0.00
총 거래: 0회
승률: 0.0%

Action 분포:
  Buy: 0회 (0.0%)
  Sell: 300회 (100.0%)
  Hold: 0회 (0.0%)
================================================================================

================================================================================
Test Set Evaluation (2025)
================================================================================

초기 자본: 10,000,000원
최종 자본: 10,000,000원
수익률: +0.00%
총 Reward: +0.00
총 거래: 0회
승률: 0.0%

Action 분포:
  Buy: 0회 (0.0%)
  Sell: 225회 (100.0%)
  Hold: 0회 (0.0%)
================================================================================

✅ 결과 저장: ppo_results.json

================================================================================
v10 RL Hybrid - PPO Training Complete
================================================================================
